2024-05-06 22:34:44 DEBUG   lightcurve_515656801_516844801 GTAnalysis.__init__(): 
--------------------------------------------------------------------------------
fermipy version v1.2+2.gfbd4 
ScienceTools version 2.2.0
2024-05-06 22:34:44 DEBUG   lightcurve_515656801_516844801 GTAnalysis.print_config(): Configuration:
binning:
  binsperdec: 8.0
  binsz: 0.1
  coordsys: CEL
  enumbins: null
  hpx_ebin: true
  hpx_order: 10
  hpx_ordering_scheme: RING
  npix: null
  proj: AIT
  projtype: WCS
  roiwidth: 15.0
components:
- data:
    evfile: /scratch/Project-Fermi/2311-02372-OJ287/2-20160913-20170615/Output/ft1_00.fits
    ltcube: null
    scfile: /scratch/Project-Fermi/2311-02372-OJ287/2-20160913-20170615/spacecraft/L24031504300807170E9856_SC00.fits
  gtlike:
    bexpmap_base: /scratch/Project-Fermi/2311-02372-OJ287/2-20160913-20170615/Output/bexpmap_00.fits
    bexpmap_roi_base: /scratch/Project-Fermi/2311-02372-OJ287/2-20160913-20170615/Output/bexpmap_roi_00.fits
    srcmap_base: /scratch/Project-Fermi/2311-02372-OJ287/2-20160913-20170615/Output/srcmap_00.fits
curvature:
  Index2: 0.6667
  free_Index2: false
data:
  cacheft1: true
  evfile: /scratch/Project-Fermi/2311-02372-OJ287/2-20160913-20170615/Output/list.txt
  ltcube: null
  scfile: /scratch/Project-Fermi/2311-02372-OJ287/2-20160913-20170615/spacecraft/L24031504300807170E9856_SC00.fits
extension:
  fit_ebin: false
  fit_position: false
  fix_shape: false
  free_background: false
  free_radius: null
  make_plots: false
  make_tsmap: true
  psf_scale_fn: null
  reoptimize: false
  save_model_map: false
  spatial_model: RadialGaussian
  sqrt_ts_threshold: null
  tsmap_fitter: tsmap
  update: false
  width: []
  width_max: 1.0
  width_min: 0.01
  width_nstep: 21
  write_fits: true
  write_npy: true
fileio:
  logfile: /scratch/Project-Fermi/2311-02372-OJ287/2-20160913-20170615/Output/lightcurve_515656801_516844801/fermipy.log
  outdir: /scratch/Project-Fermi/2311-02372-OJ287/2-20160913-20170615/Output/lightcurve_515656801_516844801
  outdir_regex:
  - \.fits$|\.fit$|\.xml$|\.npy$|\.png$|\.pdf$|\.yaml$
  savefits: true
  scratchdir: /scratch
  usescratch: false
  workdir: /scratch/Project-Fermi/2311-02372-OJ287/2-20160913-20170615/Output
  workdir_regex:
  - \.fits$|\.fit$|\.xml$|\.npy$
gtlike:
  bexpmap: null
  bexpmap_base: null
  bexpmap_roi: null
  bexpmap_roi_base: null
  convolve: true
  edisp: true
  edisp_bins: -2
  edisp_disable:
  - isodiff
  expscale: null
  irfs: P8R3_SOURCE_V3
  llscan_npts: 20
  minbinsz: 0.05
  resample: true
  rfactor: 2
  src_expscale: {}
  srcmap: null
  srcmap_base: null
  use_external_srcmap: false
  use_scaled_srcmap: true
  wmap: null
lightcurve:
  binsz: 86400.0
  free_background: false
  free_params: []
  free_radius: null
  free_sources: []
  make_plots: false
  max_free_sources: 5
  multithread: false
  nbins: null
  nthread: null
  outdir: null
  save_bin_data: true
  shape_ts_threshold: 16.0
  systematic: 0.02
  time_bins: []
  use_local_ltcube: true
  use_scaled_srcmap: false
  write_fits: true
  write_npy: true
localize:
  dtheta_max: 0.5
  fix_shape: false
  free_background: false
  free_radius: null
  make_plots: false
  nstep: 5
  tsmap_fitter: tsmap
  update: true
  write_fits: true
  write_npy: true
logging:
  chatter: 3
  prefix: 'lightcurve_515656801_516844801 '
  verbosity: 3
ltcube:
  binsz: 1.0
  dcostheta: 0.025
  phibins: 0
  use_local_ltcube: true
mc:
  seed: null
model:
  assoc_xmatch_columns:
  - 3FGL_Name
  catalogs:
  - 4FGL-DR3
  diffuse: []
  diffuse_dir:
  - /scratch/Project-Fermi/2311-02372-OJ287/2-20160913-20170615/Output
  diffuse_xml: []
  extdir: null
  extract_diffuse: false
  galdiff:
  - /scratch/Project-Fermi/2311-02372-OJ287/2-20160913-20170615/Diffuse/gll_iem_v07.fits
  isodiff:
  - /scratch/Project-Fermi/2311-02372-OJ287/2-20160913-20170615/Diffuse/iso_P8R3_SOURCE_V3_v1.txt
  limbdiff: []
  merge_sources: true
  sources: []
  src_radius: null
  src_radius_roi: null
  src_roiwidth: 25.0
optimizer:
  init_lambda: 0.0001
  max_iter: 100
  min_fit_quality: 2
  optimizer: MINUIT
  retries: 3
  tol: 0.001
  verbosity: 0
plotting:
  catalogs: []
  cmap: magma
  cmap_resid: RdBu_r
  figsize:
  - 8.0
  - 6.0
  format: png
  graticule_radii: []
  interactive: false
  label_ts_threshold: 0.0
  loge_bounds: []
residmap:
  exclude: []
  loge_bounds: []
  make_plots: false
  model: {}
  use_weights: false
  write_fits: true
  write_npy: true
roiopt:
  max_free_sources: 5
  npred_frac: 0.95
  npred_threshold: 1.0
  shape_ts_threshold: 25.0
  skip: []
sed:
  bin_index: 2.0
  cov_scale: 3.0
  free_background: false
  free_pars: []
  free_radius: null
  make_plots: false
  ul_confidence: 0.95
  use_local_index: false
  write_fits: true
  write_npy: true
selection:
  convtype: null
  dec: 20.108510833333334
  emax: 300000.0
  emin: 100.0
  evclass: 128
  evtype: 3
  filter: null
  glat: null
  glon: null
  logemax: null
  logemin: null
  phasemax: null
  phasemin: null
  ra: 133.70364541666666
  radius: null
  roicut: 'no'
  target: null
  tmax: 516844801
  tmin: 515656801
  zmax: 90.0
sourcefind:
  free_params: []
  max_iter: 5
  min_separation: 1.0
  model: {}
  multithread: false
  nthread: null
  sources_per_iter: 4
  sqrt_ts_threshold: 5.0
  tsmap_fitter: tsmap
tscube:
  cov_scale: -1.0
  cov_scale_bb: -1.0
  do_sed: true
  exclude: []
  init_lambda: 0.0
  max_iter: 30
  model: {}
  nnorm: 10
  norm_sigma: 5.0
  remake_test_source: false
  st_scan_level: 0
  tol: 0.001
  tol_type: 0
tsmap:
  exclude: []
  loge_bounds: []
  make_plots: false
  max_kernel_radius: 3.0
  model: {}
  multithread: false
  nthread: null
  write_fits: true
  write_npy: true

2024-05-06 22:34:44 DEBUG   lightcurve_515656801_516844801 GTAnalysis._create_component(): Creating Analysis Component: 00
2024-05-06 22:34:44 DEBUG   lightcurve_515656801_516844801 GTBinnedAnalysis.__init__(): Automatically setting selection radius to 11.106601717798213 deg
2024-05-06 22:34:44 DEBUG   lightcurve_515656801_516844801 GTBinnedAnalysis.print_config(): Configuration:
binning:
  binsperdec: 8.0
  binsz: 0.1
  coordsys: CEL
  enumbins: null
  hpx_ebin: true
  hpx_order: 10
  hpx_ordering_scheme: RING
  npix: null
  proj: AIT
  projtype: WCS
  roiwidth: 15.0
data:
  cacheft1: true
  evfile: /scratch/Project-Fermi/2311-02372-OJ287/2-20160913-20170615/Output/ft1_00.fits
  ltcube: null
  scfile: /scratch/Project-Fermi/2311-02372-OJ287/2-20160913-20170615/spacecraft/L24031504300807170E9856_SC00.fits
file_suffix: _00
fileio:
  logfile: /scratch/Project-Fermi/2311-02372-OJ287/2-20160913-20170615/Output/lightcurve_515656801_516844801/fermipy.log
  outdir: /scratch/Project-Fermi/2311-02372-OJ287/2-20160913-20170615/Output/lightcurve_515656801_516844801
  outdir_regex:
  - \.fits$|\.fit$|\.xml$|\.npy$|\.png$|\.pdf$|\.yaml$
  savefits: true
  scratchdir: /scratch
  usescratch: false
  workdir: /scratch/Project-Fermi/2311-02372-OJ287/2-20160913-20170615/Output/lightcurve_515656801_516844801
  workdir_regex:
  - \.fits$|\.fit$|\.xml$|\.npy$
gtlike:
  bexpmap: null
  bexpmap_base: /scratch/Project-Fermi/2311-02372-OJ287/2-20160913-20170615/Output/bexpmap_00.fits
  bexpmap_roi: null
  bexpmap_roi_base: /scratch/Project-Fermi/2311-02372-OJ287/2-20160913-20170615/Output/bexpmap_roi_00.fits
  convolve: true
  edisp: true
  edisp_bins: -2
  edisp_disable:
  - isodiff
  expscale: null
  irfs: P8R3_SOURCE_V3
  llscan_npts: 20
  minbinsz: 0.05
  resample: true
  rfactor: 2
  src_expscale: {}
  srcmap: null
  srcmap_base: /scratch/Project-Fermi/2311-02372-OJ287/2-20160913-20170615/Output/srcmap_00.fits
  use_external_srcmap: false
  use_scaled_srcmap: true
  wmap: null
logging:
  chatter: 3
  prefix: 'lightcurve_515656801_516844801 '
  verbosity: 3
ltcube:
  binsz: 1.0
  dcostheta: 0.025
  phibins: 0
  use_local_ltcube: true
model:
  assoc_xmatch_columns:
  - 3FGL_Name
  catalogs:
  - 4FGL-DR3
  diffuse: []
  diffuse_dir:
  - /scratch/Project-Fermi/2311-02372-OJ287/2-20160913-20170615/Output
  diffuse_xml: []
  extdir: null
  extract_diffuse: false
  galdiff:
  - /scratch/Project-Fermi/2311-02372-OJ287/2-20160913-20170615/Diffuse/gll_iem_v07.fits
  isodiff:
  - /scratch/Project-Fermi/2311-02372-OJ287/2-20160913-20170615/Diffuse/iso_P8R3_SOURCE_V3_v1.txt
  limbdiff: []
  merge_sources: true
  sources: []
  src_radius: null
  src_radius_roi: null
  src_roiwidth: 25.0
name: '00'
selection:
  convtype: null
  dec: 20.108510833333334
  emax: 300000.0
  emin: 100.0
  evclass: 128
  evtype: 3
  filter: null
  glat: null
  glon: null
  logemax: !!python/object/apply:numpy.core.multiarray.scalar
  - &id001 !!python/object/apply:numpy.dtype
    args:
    - f8
    - false
    - true
    state: !!python/tuple
    - 3
    - <
    - null
    - null
    - null
    - -1
    - -1
    - 0
  - !!binary |
    YP1keZLoFUA=
  logemin: !!python/object/apply:numpy.core.multiarray.scalar
  - *id001
  - !!binary |
    AAAAAAAAAEA=
  phasemax: null
  phasemin: null
  ra: 133.70364541666666
  radius: 11.106601717798213
  roicut: 'no'
  target: null
  tmax: 516844801
  tmin: 515656801
  zmax: 90.0

2024-05-06 22:34:44 INFO    lightcurve_515656801_516844801 GTAnalysis._process_lc_bin(): Fitting time range 515656801 516844801
2024-05-06 22:34:44 DEBUG   lightcurve_515656801_516844801 GTAnalysis.setup(): Running setup.
2024-05-06 22:34:44 DEBUG   lightcurve_515656801_516844801 GTBinnedAnalysis.setup(): Running setup for component 00
2024-05-06 22:34:44 DEBUG   lightcurve_515656801_516844801 GTBinnedAnalysis.run_gtapp(): Running gtselect.
2024-05-06 22:34:44 DEBUG   lightcurve_515656801_516844801 GTBinnedAnalysis.run_gtapp(): time -p gtselect infile=/scratch/Project-Fermi/2311-02372-OJ287/2-20160913-20170615/Output/ft1_00.fits outfile=/scratch/Project-Fermi/2311-02372-OJ287/2-20160913-20170615/Output/lightcurve_515656801_516844801/ft1_00.fits ra=133.70364541666666 dec=20.108510833333334 rad=11.106601717798213 tmin=515656801.0 tmax=516844801.0 emin=100.0 emax=300000.0 zmin=0.0 zmax=90.0 evclass=128 evtype=3 convtype=-1 phasemin=0.0 phasemax=1.0 evtable="EVENTS" chatter=3 clobber=yes debug=no gui=no mode="ql"
2024-05-06 22:34:44 DEBUG   lightcurve_515656801_516844801 GTBinnedAnalysis.run_gtapp(): This is gtselect version HEAD
2024-05-06 22:34:44 DEBUG   lightcurve_515656801_516844801 GTBinnedAnalysis.run_gtapp(): Applying filter string: ((EVENT_CLASS&o200) != o0) && angsep(RA,DEC,133.7036454,20.10851083) < 11.10660172 && ((EVENT_TYPE&o3) != o0) && angsep(RA,DEC,133.7036454,20.10851083) < 11.10660172 && 100 < ENERGY && ENERGY <= 300000 && 515656801 < TIME && TIME <= 516844801 && 0 < ZENITH_ANGLE && ZENITH_ANGLE <= 90 && gtifilter()
2024-05-06 22:34:44 DEBUG   lightcurve_515656801_516844801 GTBinnedAnalysis.run_gtapp(): Done.
2024-05-06 22:34:44 DEBUG   lightcurve_515656801_516844801 GTBinnedAnalysis.run_gtapp(): Finished gtselect. Execution time: 0.27 s
2024-05-06 22:34:44 INFO    lightcurve_515656801_516844801 GTBinnedAnalysis._create_ltcube(): Generating local LT cube.
2024-05-06 22:34:44 DEBUG   lightcurve_515656801_516844801 GTBinnedAnalysis.setup(): Loading LT Cube /scratch/Project-Fermi/2311-02372-OJ287/2-20160913-20170615/Output/lightcurve_515656801_516844801/ltcube_00.fits
2024-05-06 22:34:44 DEBUG   lightcurve_515656801_516844801 GTBinnedAnalysis.setup(): Creating PSF model
2024-05-06 22:34:45 DEBUG   lightcurve_515656801_516844801 GTBinnedAnalysis.run_gtapp(): Running gtbin.
2024-05-06 22:34:45 DEBUG   lightcurve_515656801_516844801 GTBinnedAnalysis.run_gtapp(): time -p gtbin evfile=/scratch/Project-Fermi/2311-02372-OJ287/2-20160913-20170615/Output/lightcurve_515656801_516844801/ft1_00.fits scfile=/scratch/Project-Fermi/2311-02372-OJ287/2-20160913-20170615/spacecraft/L24031504300807170E9856_SC00.fits outfile=/scratch/Project-Fermi/2311-02372-OJ287/2-20160913-20170615/Output/lightcurve_515656801_516844801/ccube_00.fits algorithm="ccube" ebinalg="LOG" emin=100.0 emax=300000.0 enumbins=28 ebinfile=NONE tbinalg="LIN" tbinfile=NONE nxpix=150 nypix=150 binsz=0.1 coordsys="CEL" xref=133.70364541666666 yref=20.108510833333334 axisrot=0.0 rafield="RA" decfield="DEC" proj="AIT" hpx_ordering_scheme="RING" hpx_order=3 hpx_ebin=yes hpx_region="" evtable="EVENTS" sctable="SC_DATA" efield="ENERGY" tfield="TIME" chatter=3 clobber=yes debug=no gui=no mode="ql"
2024-05-06 22:34:45 DEBUG   lightcurve_515656801_516844801 GTBinnedAnalysis.run_gtapp(): This is gtbin version HEAD
2024-05-06 22:34:45 DEBUG   lightcurve_515656801_516844801 GTBinnedAnalysis.run_gtapp(): Finished gtbin. Execution time: 0.35 s
2024-05-06 22:34:45 DEBUG   lightcurve_515656801_516844801 GTBinnedAnalysis.run_gtapp(): Running gtexpcube2.
2024-05-06 22:34:45 DEBUG   lightcurve_515656801_516844801 GTBinnedAnalysis.run_gtapp(): time -p gtexpcube2 infile=/scratch/Project-Fermi/2311-02372-OJ287/2-20160913-20170615/Output/lightcurve_515656801_516844801/ltcube_00.fits cmap=none outfile=/scratch/Project-Fermi/2311-02372-OJ287/2-20160913-20170615/Output/lightcurve_515656801_516844801/bexpmap_00.fits irfs="P8R3_SOURCE_V3" evtype=3 edisp_bins=-2 nxpix=360 nypix=180 binsz=1.0 coordsys="CEL" xref=0.0 yref=0.0 axisrot=0.0 proj="CAR" ebinalg="LOG" emin=100.0 emax=300000.0 enumbins=28 ebinfile="NONE" hpx_ordering_scheme="RING" hpx_order=6 bincalc="EDGE" ignorephi=no thmax=180.0 thmin=0.0 table="EXPOSURE" chatter=3 clobber=yes debug=no mode="ql"
2024-05-06 22:34:45 DEBUG   lightcurve_515656801_516844801 GTBinnedAnalysis.run_gtapp(): This is gtexpcube2 version HEAD
2024-05-06 22:34:45 DEBUG   lightcurve_515656801_516844801 GTBinnedAnalysis.run_gtapp(): Using evtype=3 (i.e., FRONT/BACK irfs)
2024-05-06 22:34:45 DEBUG   lightcurve_515656801_516844801 GTBinnedAnalysis.run_gtapp(): ResponseFunctions::load: IRF used: P8R3_SOURCE_V3
2024-05-06 22:34:45 DEBUG   lightcurve_515656801_516844801 GTBinnedAnalysis.run_gtapp(): event_types:  0  1
2024-05-06 22:34:50 DEBUG   lightcurve_515656801_516844801 GTBinnedAnalysis.run_gtapp(): Computing binned exposure map....................!
2024-05-06 22:34:50 DEBUG   lightcurve_515656801_516844801 GTBinnedAnalysis.run_gtapp(): Finished gtexpcube2. Execution time: 4.52 s
2024-05-06 22:34:50 DEBUG   lightcurve_515656801_516844801 GTBinnedAnalysis.run_gtapp(): Running gtexpcube2.
2024-05-06 22:34:50 DEBUG   lightcurve_515656801_516844801 GTBinnedAnalysis.run_gtapp(): time -p gtexpcube2 infile=/scratch/Project-Fermi/2311-02372-OJ287/2-20160913-20170615/Output/lightcurve_515656801_516844801/ltcube_00.fits cmap=none outfile=/scratch/Project-Fermi/2311-02372-OJ287/2-20160913-20170615/Output/lightcurve_515656801_516844801/bexpmap_roi_00.fits irfs="P8R3_SOURCE_V3" evtype=3 edisp_bins=0 nxpix=150 nypix=150 binsz=0.1 coordsys="CEL" xref=133.70364541666666 yref=20.108510833333334 axisrot=0.0 proj="CAR" ebinalg="LOG" emin=100.0 emax=300000.0 enumbins=28 ebinfile="NONE" hpx_ordering_scheme="RING" hpx_order=6 bincalc="EDGE" ignorephi=no thmax=180.0 thmin=0.0 table="EXPOSURE" chatter=3 clobber=yes debug=no mode="ql"
2024-05-06 22:34:50 DEBUG   lightcurve_515656801_516844801 GTBinnedAnalysis.run_gtapp(): This is gtexpcube2 version HEAD
2024-05-06 22:34:50 DEBUG   lightcurve_515656801_516844801 GTBinnedAnalysis.run_gtapp(): Using evtype=3 (i.e., FRONT/BACK irfs)
2024-05-06 22:34:50 DEBUG   lightcurve_515656801_516844801 GTBinnedAnalysis.run_gtapp(): ResponseFunctions::load: IRF used: P8R3_SOURCE_V3
2024-05-06 22:34:50 DEBUG   lightcurve_515656801_516844801 GTBinnedAnalysis.run_gtapp(): event_types:  0  1
2024-05-06 22:34:51 DEBUG   lightcurve_515656801_516844801 GTBinnedAnalysis.run_gtapp(): Computing binned exposure map....................!
2024-05-06 22:34:51 DEBUG   lightcurve_515656801_516844801 GTBinnedAnalysis.run_gtapp(): Finished gtexpcube2. Execution time: 1.68 s
2024-05-06 22:34:52 DEBUG   lightcurve_515656801_516844801 GTBinnedAnalysis.setup(): Finished setup for component 00
2024-05-06 22:34:52 DEBUG   lightcurve_515656801_516844801 GTBinnedAnalysis._create_binned_analysis(): Creating BinnedAnalysis for component 00.
2024-05-06 22:34:52 DEBUG   lightcurve_515656801_516844801 GTBinnedAnalysis._create_binned_analysis(): Creating BinnedObs
2024-05-06 22:34:52 DEBUG   lightcurve_515656801_516844801 GTBinnedAnalysis._create_binned_analysis(): {'srcMaps': '/scratch/Project-Fermi/2311-02372-OJ287/2-20160913-20170615/Output/lightcurve_515656801_516844801/srcmap_00.fits', 'expCube': '/scratch/Project-Fermi/2311-02372-OJ287/2-20160913-20170615/Output/lightcurve_515656801_516844801/ltcube_00.fits', 'binnedExpMap': '/scratch/Project-Fermi/2311-02372-OJ287/2-20160913-20170615/Output/lightcurve_515656801_516844801/bexpmap_00.fits', 'irfs': 'P8R3_SOURCE_V3'}
2024-05-06 22:34:53 DEBUG   lightcurve_515656801_516844801 GTBinnedAnalysis._create_binned_analysis(): Creating BinnedAnalysis
2024-05-06 22:34:53 DEBUG   lightcurve_515656801_516844801 GTBinnedAnalysis._create_binned_analysis(): {'srcModel': '/scratch/Project-Fermi/2311-02372-OJ287/2-20160913-20170615/Output/lightcurve_515656801_516844801/srcmdl_00.xml', 'optimizer': 'MINUIT', 'wmap': None, 'convolve': True, 'resample': True, 'minbinsz': 0.05, 'resamp_fact': 2, 'edisp_bins': -2}
2024-05-06 22:34:58 DEBUG   lightcurve_515656801_516844801 GTBinnedAnalysis._create_binned_analysis(): Disabling energy dispersion for isodiff
2024-05-06 22:34:58 DEBUG   lightcurve_515656801_516844801 GTBinnedAnalysis._create_binned_analysis(): Computing fixed weights
2024-05-06 22:34:58 DEBUG   lightcurve_515656801_516844801 GTBinnedAnalysis._create_binned_analysis(): Updating source maps
2024-05-06 22:35:00 DEBUG   lightcurve_515656801_516844801 GTAnalysis.setup(): Initializing source properties
2024-05-06 22:35:00 DEBUG   lightcurve_515656801_516844801 GTAnalysis.setup(): Initializing source 4FGL J0758.9+2703
2024-05-06 22:35:00 DEBUG   lightcurve_515656801_516844801 GTAnalysis.get_src_model(): Generating source dict for 4FGL J0758.9+2703
2024-05-06 22:35:00 DEBUG   lightcurve_515656801_516844801 GTAnalysis.setup(): Initializing source 4FGL J0803.0+2439
2024-05-06 22:35:00 DEBUG   lightcurve_515656801_516844801 GTAnalysis.get_src_model(): Generating source dict for 4FGL J0803.0+2439
2024-05-06 22:35:00 DEBUG   lightcurve_515656801_516844801 GTAnalysis.setup(): Initializing source 4FGL J0803.5+2046
2024-05-06 22:35:00 DEBUG   lightcurve_515656801_516844801 GTAnalysis.get_src_model(): Generating source dict for 4FGL J0803.5+2046
2024-05-06 22:35:00 DEBUG   lightcurve_515656801_516844801 GTAnalysis.setup(): Initializing source 4FGL J0809.3+3121
2024-05-06 22:35:00 DEBUG   lightcurve_515656801_516844801 GTAnalysis.get_src_model(): Generating source dict for 4FGL J0809.3+3121
2024-05-06 22:35:00 DEBUG   lightcurve_515656801_516844801 GTAnalysis.setup(): Initializing source 4FGL J0812.3+1143
2024-05-06 22:35:00 DEBUG   lightcurve_515656801_516844801 GTAnalysis.get_src_model(): Generating source dict for 4FGL J0812.3+1143
2024-05-06 22:35:00 DEBUG   lightcurve_515656801_516844801 GTAnalysis.setup(): Initializing source 4FGL J0812.6+2821
2024-05-06 22:35:00 DEBUG   lightcurve_515656801_516844801 GTAnalysis.get_src_model(): Generating source dict for 4FGL J0812.6+2821
2024-05-06 22:35:00 DEBUG   lightcurve_515656801_516844801 GTAnalysis.setup(): Initializing source 4FGL J0814.4+2941
2024-05-06 22:35:00 DEBUG   lightcurve_515656801_516844801 GTAnalysis.get_src_model(): Generating source dict for 4FGL J0814.4+2941
2024-05-06 22:35:00 DEBUG   lightcurve_515656801_516844801 GTAnalysis.setup(): Initializing source 4FGL J0815.9+2951
2024-05-06 22:35:00 DEBUG   lightcurve_515656801_516844801 GTAnalysis.get_src_model(): Generating source dict for 4FGL J0815.9+2951
2024-05-06 22:35:00 DEBUG   lightcurve_515656801_516844801 GTAnalysis.setup(): Initializing source 4FGL J0816.9+2050
2024-05-06 22:35:00 DEBUG   lightcurve_515656801_516844801 GTAnalysis.get_src_model(): Generating source dict for 4FGL J0816.9+2050
2024-05-06 22:35:00 DEBUG   lightcurve_515656801_516844801 GTAnalysis.setup(): Initializing source 4FGL J0817.1+1955
2024-05-06 22:35:00 DEBUG   lightcurve_515656801_516844801 GTAnalysis.get_src_model(): Generating source dict for 4FGL J0817.1+1955
2024-05-06 22:35:00 DEBUG   lightcurve_515656801_516844801 GTAnalysis.setup(): Initializing source 4FGL J0818.4+2816
2024-05-06 22:35:00 DEBUG   lightcurve_515656801_516844801 GTAnalysis.get_src_model(): Generating source dict for 4FGL J0818.4+2816
2024-05-06 22:35:00 DEBUG   lightcurve_515656801_516844801 GTAnalysis.setup(): Initializing source 4FGL J0818.7+3153
2024-05-06 22:35:00 DEBUG   lightcurve_515656801_516844801 GTAnalysis.get_src_model(): Generating source dict for 4FGL J0818.7+3153
2024-05-06 22:35:00 DEBUG   lightcurve_515656801_516844801 GTAnalysis.setup(): Initializing source 4FGL J0819.0+2746
2024-05-06 22:35:00 DEBUG   lightcurve_515656801_516844801 GTAnalysis.get_src_model(): Generating source dict for 4FGL J0819.0+2746
2024-05-06 22:35:00 DEBUG   lightcurve_515656801_516844801 GTAnalysis.setup(): Initializing source 4FGL J0820.9+2353
2024-05-06 22:35:00 DEBUG   lightcurve_515656801_516844801 GTAnalysis.get_src_model(): Generating source dict for 4FGL J0820.9+2353
2024-05-06 22:35:00 DEBUG   lightcurve_515656801_516844801 GTAnalysis.setup(): Initializing source 4FGL J0821.1+1007
2024-05-06 22:35:00 DEBUG   lightcurve_515656801_516844801 GTAnalysis.get_src_model(): Generating source dict for 4FGL J0821.1+1007
2024-05-06 22:35:00 DEBUG   lightcurve_515656801_516844801 GTAnalysis.setup(): Initializing source 4FGL J0823.3+2224
2024-05-06 22:35:00 DEBUG   lightcurve_515656801_516844801 GTAnalysis.get_src_model(): Generating source dict for 4FGL J0823.3+2224
2024-05-06 22:35:00 DEBUG   lightcurve_515656801_516844801 GTAnalysis.setup(): Initializing source 4FGL J0824.4+2440
2024-05-06 22:35:00 DEBUG   lightcurve_515656801_516844801 GTAnalysis.get_src_model(): Generating source dict for 4FGL J0824.4+2440
2024-05-06 22:35:00 DEBUG   lightcurve_515656801_516844801 GTAnalysis.setup(): Initializing source 4FGL J0828.0+2307
2024-05-06 22:35:00 DEBUG   lightcurve_515656801_516844801 GTAnalysis.get_src_model(): Generating source dict for 4FGL J0828.0+2307
2024-05-06 22:35:00 DEBUG   lightcurve_515656801_516844801 GTAnalysis.setup(): Initializing source 4FGL J0829.0+1755
2024-05-06 22:35:00 DEBUG   lightcurve_515656801_516844801 GTAnalysis.get_src_model(): Generating source dict for 4FGL J0829.0+1755
2024-05-06 22:35:00 DEBUG   lightcurve_515656801_516844801 GTAnalysis.setup(): Initializing source 4FGL J0829.4+0857
2024-05-06 22:35:00 DEBUG   lightcurve_515656801_516844801 GTAnalysis.get_src_model(): Generating source dict for 4FGL J0829.4+0857
2024-05-06 22:35:00 DEBUG   lightcurve_515656801_516844801 GTAnalysis.setup(): Initializing source 4FGL J0830.8+2410
2024-05-06 22:35:00 DEBUG   lightcurve_515656801_516844801 GTAnalysis.get_src_model(): Generating source dict for 4FGL J0830.8+2410
2024-05-06 22:35:00 DEBUG   lightcurve_515656801_516844801 GTAnalysis.setup(): Initializing source 4FGL J0831.4+2631
2024-05-06 22:35:00 DEBUG   lightcurve_515656801_516844801 GTAnalysis.get_src_model(): Generating source dict for 4FGL J0831.4+2631
2024-05-06 22:35:00 DEBUG   lightcurve_515656801_516844801 GTAnalysis.setup(): Initializing source 4FGL J0831.5+1747
2024-05-06 22:35:00 DEBUG   lightcurve_515656801_516844801 GTAnalysis.get_src_model(): Generating source dict for 4FGL J0831.5+1747
2024-05-06 22:35:00 DEBUG   lightcurve_515656801_516844801 GTAnalysis.setup(): Initializing source 4FGL J0832.2+2753
2024-05-06 22:35:00 DEBUG   lightcurve_515656801_516844801 GTAnalysis.get_src_model(): Generating source dict for 4FGL J0832.2+2753
2024-05-06 22:35:00 DEBUG   lightcurve_515656801_516844801 GTAnalysis.setup(): Initializing source 4FGL J0835.7+0936
2024-05-06 22:35:00 DEBUG   lightcurve_515656801_516844801 GTAnalysis.get_src_model(): Generating source dict for 4FGL J0835.7+0936
2024-05-06 22:35:00 DEBUG   lightcurve_515656801_516844801 GTAnalysis.setup(): Initializing source 4FGL J0835.8+1517
2024-05-06 22:35:00 DEBUG   lightcurve_515656801_516844801 GTAnalysis.get_src_model(): Generating source dict for 4FGL J0835.8+1517
2024-05-06 22:35:00 DEBUG   lightcurve_515656801_516844801 GTAnalysis.setup(): Initializing source 4FGL J0836.2+2141
2024-05-06 22:35:00 DEBUG   lightcurve_515656801_516844801 GTAnalysis.get_src_model(): Generating source dict for 4FGL J0836.2+2141
2024-05-06 22:35:00 DEBUG   lightcurve_515656801_516844801 GTAnalysis.setup(): Initializing source 4FGL J0837.3+1458
2024-05-06 22:35:00 DEBUG   lightcurve_515656801_516844801 GTAnalysis.get_src_model(): Generating source dict for 4FGL J0837.3+1458
2024-05-06 22:35:00 DEBUG   lightcurve_515656801_516844801 GTAnalysis.setup(): Initializing source 4FGL J0837.4+2454
2024-05-06 22:35:00 DEBUG   lightcurve_515656801_516844801 GTAnalysis.get_src_model(): Generating source dict for 4FGL J0837.4+2454
2024-05-06 22:35:00 DEBUG   lightcurve_515656801_516844801 GTAnalysis.setup(): Initializing source 4FGL J0839.4+1803
2024-05-06 22:35:00 DEBUG   lightcurve_515656801_516844801 GTAnalysis.get_src_model(): Generating source dict for 4FGL J0839.4+1803
2024-05-06 22:35:00 DEBUG   lightcurve_515656801_516844801 GTAnalysis.setup(): Initializing source 4FGL J0840.8+1317
2024-05-06 22:35:00 DEBUG   lightcurve_515656801_516844801 GTAnalysis.get_src_model(): Generating source dict for 4FGL J0840.8+1317
2024-05-06 22:35:00 DEBUG   lightcurve_515656801_516844801 GTAnalysis.setup(): Initializing source 4FGL J0844.5+3035
2024-05-06 22:35:00 DEBUG   lightcurve_515656801_516844801 GTAnalysis.get_src_model(): Generating source dict for 4FGL J0844.5+3035
2024-05-06 22:35:00 DEBUG   lightcurve_515656801_516844801 GTAnalysis.setup(): Initializing source 4FGL J0847.2+1134
2024-05-06 22:35:00 DEBUG   lightcurve_515656801_516844801 GTAnalysis.get_src_model(): Generating source dict for 4FGL J0847.2+1134
2024-05-06 22:35:00 DEBUG   lightcurve_515656801_516844801 GTAnalysis.setup(): Initializing source 4FGL J0849.5+2710
2024-05-06 22:35:00 DEBUG   lightcurve_515656801_516844801 GTAnalysis.get_src_model(): Generating source dict for 4FGL J0849.5+2710
2024-05-06 22:35:00 DEBUG   lightcurve_515656801_516844801 GTAnalysis.setup(): Initializing source 4FGL J0852.2+2834
2024-05-06 22:35:00 DEBUG   lightcurve_515656801_516844801 GTAnalysis.get_src_model(): Generating source dict for 4FGL J0852.2+2834
2024-05-06 22:35:00 DEBUG   lightcurve_515656801_516844801 GTAnalysis.setup(): Initializing source 4FGL J0854.0+2753
2024-05-06 22:35:00 DEBUG   lightcurve_515656801_516844801 GTAnalysis.get_src_model(): Generating source dict for 4FGL J0854.0+2753
2024-05-06 22:35:00 DEBUG   lightcurve_515656801_516844801 GTAnalysis.setup(): Initializing source 4FGL J0854.8+2006
2024-05-06 22:35:00 DEBUG   lightcurve_515656801_516844801 GTAnalysis.get_src_model(): Generating source dict for 4FGL J0854.8+2006
2024-05-06 22:35:00 DEBUG   lightcurve_515656801_516844801 GTAnalysis.setup(): Initializing source 4FGL J0856.8+2056
2024-05-06 22:35:00 DEBUG   lightcurve_515656801_516844801 GTAnalysis.get_src_model(): Generating source dict for 4FGL J0856.8+2056
2024-05-06 22:35:00 DEBUG   lightcurve_515656801_516844801 GTAnalysis.setup(): Initializing source 4FGL J0858.1+1405
2024-05-06 22:35:00 DEBUG   lightcurve_515656801_516844801 GTAnalysis.get_src_model(): Generating source dict for 4FGL J0858.1+1405
2024-05-06 22:35:00 DEBUG   lightcurve_515656801_516844801 GTAnalysis.setup(): Initializing source 4FGL J0902.4+2051
2024-05-06 22:35:00 DEBUG   lightcurve_515656801_516844801 GTAnalysis.get_src_model(): Generating source dict for 4FGL J0902.4+2051
2024-05-06 22:35:00 DEBUG   lightcurve_515656801_516844801 GTAnalysis.setup(): Initializing source 4FGL J0903.5+2847
2024-05-06 22:35:00 DEBUG   lightcurve_515656801_516844801 GTAnalysis.get_src_model(): Generating source dict for 4FGL J0903.5+2847
2024-05-06 22:35:00 DEBUG   lightcurve_515656801_516844801 GTAnalysis.setup(): Initializing source 4FGL J0904.0+2724
2024-05-06 22:35:00 DEBUG   lightcurve_515656801_516844801 GTAnalysis.get_src_model(): Generating source dict for 4FGL J0904.0+2724
2024-05-06 22:35:00 DEBUG   lightcurve_515656801_516844801 GTAnalysis.setup(): Initializing source 4FGL J0905.6+1358
2024-05-06 22:35:00 DEBUG   lightcurve_515656801_516844801 GTAnalysis.get_src_model(): Generating source dict for 4FGL J0905.6+1358
2024-05-06 22:35:00 DEBUG   lightcurve_515656801_516844801 GTAnalysis.setup(): Initializing source 4FGL J0907.1+0856
2024-05-06 22:35:00 DEBUG   lightcurve_515656801_516844801 GTAnalysis.get_src_model(): Generating source dict for 4FGL J0907.1+0856
2024-05-06 22:35:00 DEBUG   lightcurve_515656801_516844801 GTAnalysis.setup(): Initializing source 4FGL J0908.9+2311
2024-05-06 22:35:00 DEBUG   lightcurve_515656801_516844801 GTAnalysis.get_src_model(): Generating source dict for 4FGL J0908.9+2311
2024-05-06 22:35:00 DEBUG   lightcurve_515656801_516844801 GTAnalysis.setup(): Initializing source 4FGL J0909.7+3104
2024-05-06 22:35:00 DEBUG   lightcurve_515656801_516844801 GTAnalysis.get_src_model(): Generating source dict for 4FGL J0909.7+3104
2024-05-06 22:35:00 DEBUG   lightcurve_515656801_516844801 GTAnalysis.setup(): Initializing source 4FGL J0910.6+2247
2024-05-06 22:35:00 DEBUG   lightcurve_515656801_516844801 GTAnalysis.get_src_model(): Generating source dict for 4FGL J0910.6+2247
2024-05-06 22:35:00 DEBUG   lightcurve_515656801_516844801 GTAnalysis.setup(): Initializing source 4FGL J0912.2+2800
2024-05-06 22:35:00 DEBUG   lightcurve_515656801_516844801 GTAnalysis.get_src_model(): Generating source dict for 4FGL J0912.2+2800
2024-05-06 22:35:00 DEBUG   lightcurve_515656801_516844801 GTAnalysis.setup(): Initializing source 4FGL J0912.5+1556
2024-05-06 22:35:00 DEBUG   lightcurve_515656801_516844801 GTAnalysis.get_src_model(): Generating source dict for 4FGL J0912.5+1556
2024-05-06 22:35:00 DEBUG   lightcurve_515656801_516844801 GTAnalysis.setup(): Initializing source 4FGL J0915.9+2933
2024-05-06 22:35:00 DEBUG   lightcurve_515656801_516844801 GTAnalysis.get_src_model(): Generating source dict for 4FGL J0915.9+2933
2024-05-06 22:35:00 DEBUG   lightcurve_515656801_516844801 GTAnalysis.setup(): Initializing source 4FGL J0921.7+2336
2024-05-06 22:35:00 DEBUG   lightcurve_515656801_516844801 GTAnalysis.get_src_model(): Generating source dict for 4FGL J0921.7+2336
2024-05-06 22:35:00 DEBUG   lightcurve_515656801_516844801 GTAnalysis.setup(): Initializing source 4FGL J0924.0+2816
2024-05-06 22:35:00 DEBUG   lightcurve_515656801_516844801 GTAnalysis.get_src_model(): Generating source dict for 4FGL J0924.0+2816
2024-05-06 22:35:00 DEBUG   lightcurve_515656801_516844801 GTAnalysis.setup(): Initializing source 4FGL J0925.7+3126
2024-05-06 22:35:00 DEBUG   lightcurve_515656801_516844801 GTAnalysis.get_src_model(): Generating source dict for 4FGL J0925.7+3126
2024-05-06 22:35:00 DEBUG   lightcurve_515656801_516844801 GTAnalysis.setup(): Initializing source 4FGL J0927.2+2454
2024-05-06 22:35:00 DEBUG   lightcurve_515656801_516844801 GTAnalysis.get_src_model(): Generating source dict for 4FGL J0927.2+2454
2024-05-06 22:35:00 DEBUG   lightcurve_515656801_516844801 GTAnalysis.setup(): Initializing source 4FGL J0932.7+1041
2024-05-06 22:35:00 DEBUG   lightcurve_515656801_516844801 GTAnalysis.get_src_model(): Generating source dict for 4FGL J0932.7+1041
2024-05-06 22:35:00 DEBUG   lightcurve_515656801_516844801 GTAnalysis.setup(): Initializing source 4FGL J0935.3+0901
2024-05-06 22:35:00 DEBUG   lightcurve_515656801_516844801 GTAnalysis.get_src_model(): Generating source dict for 4FGL J0935.3+0901
2024-05-06 22:35:00 DEBUG   lightcurve_515656801_516844801 GTAnalysis.setup(): Initializing source 4FGL J0935.5+1152
2024-05-06 22:35:00 DEBUG   lightcurve_515656801_516844801 GTAnalysis.get_src_model(): Generating source dict for 4FGL J0935.5+1152
2024-05-06 22:35:00 DEBUG   lightcurve_515656801_516844801 GTAnalysis.setup(): Initializing source 4FGL J0936.5+1847
2024-05-06 22:35:00 DEBUG   lightcurve_515656801_516844801 GTAnalysis.get_src_model(): Generating source dict for 4FGL J0936.5+1847
2024-05-06 22:35:00 DEBUG   lightcurve_515656801_516844801 GTAnalysis.setup(): Initializing source 4FGL J0941.9+2724
2024-05-06 22:35:00 DEBUG   lightcurve_515656801_516844801 GTAnalysis.get_src_model(): Generating source dict for 4FGL J0941.9+2724
2024-05-06 22:35:00 DEBUG   lightcurve_515656801_516844801 GTAnalysis.setup(): Initializing source 4FGL J0942.3+2842
2024-05-06 22:35:00 DEBUG   lightcurve_515656801_516844801 GTAnalysis.get_src_model(): Generating source dict for 4FGL J0942.3+2842
2024-05-06 22:35:00 DEBUG   lightcurve_515656801_516844801 GTAnalysis.setup(): Initializing source 4FGL J0947.6+2215
2024-05-06 22:35:00 DEBUG   lightcurve_515656801_516844801 GTAnalysis.get_src_model(): Generating source dict for 4FGL J0947.6+2215
2024-05-06 22:35:00 DEBUG   lightcurve_515656801_516844801 GTAnalysis.setup(): Initializing source galdiff
2024-05-06 22:35:00 DEBUG   lightcurve_515656801_516844801 GTAnalysis.get_src_model(): Generating source dict for galdiff
2024-05-06 22:35:00 DEBUG   lightcurve_515656801_516844801 GTAnalysis.setup(): Initializing source isodiff
2024-05-06 22:35:00 DEBUG   lightcurve_515656801_516844801 GTAnalysis.get_src_model(): Generating source dict for isodiff
2024-05-06 22:35:00 DEBUG   lightcurve_515656801_516844801 GTAnalysis.setup(): Finished setup.
2024-05-06 22:35:02 DEBUG   lightcurve_515656801_516844801 GTAnalysis.get_src_model(): Generating source dict for 4FGL J0854.8+2006
2024-05-06 22:35:02 DEBUG   lightcurve_515656801_516844801 GTAnalysis.get_src_model(): Generating source dict for 4FGL J0856.8+2056
2024-05-06 22:35:02 DEBUG   lightcurve_515656801_516844801 GTAnalysis.get_src_model(): Generating source dict for 4FGL J0902.4+2051
2024-05-06 22:35:02 INFO    lightcurve_515656801_516844801 GTBinnedAnalysis.write_xml(): Writing /scratch/Project-Fermi/2311-02372-OJ287/2-20160913-20170615/Output/lightcurve_515656801_516844801/base_00.xml...
2024-05-06 22:35:02 DEBUG   lightcurve_515656801_516844801 GTAnalysis.optimize(): Starting
2024-05-06 22:35:02 DEBUG   lightcurve_515656801_516844801 GTAnalysis.optimize(): LogLike: -7561.801185
2024-05-06 22:35:02 DEBUG   lightcurve_515656801_516844801 GTAnalysis.free_source(): Fixing parameters for 4FGL J0854.8+2006     : ['norm', 'alpha', 'beta']
2024-05-06 22:35:02 DEBUG   lightcurve_515656801_516844801 GTAnalysis.free_source(): Freeing parameters for 4FGL J0854.8+2006     : ['norm']
2024-05-06 22:35:02 DEBUG   lightcurve_515656801_516844801 GTAnalysis.free_source(): Freeing parameters for 4FGL J0910.6+2247     : ['norm']
2024-05-06 22:35:02 DEBUG   lightcurve_515656801_516844801 GTAnalysis.free_source(): Freeing parameters for 4FGL J0902.4+2051     : ['norm']
2024-05-06 22:35:02 DEBUG   lightcurve_515656801_516844801 GTAnalysis.fit(): Starting fit.
2024-05-06 22:35:02 DEBUG   lightcurve_515656801_516844801 GTAnalysis.fit(): Fit complete.
2024-05-06 22:35:02 DEBUG   lightcurve_515656801_516844801 GTAnalysis.get_src_model(): Generating source dict for 4FGL J0854.8+2006
2024-05-06 22:35:02 DEBUG   lightcurve_515656801_516844801 GTAnalysis.profile_norm(): Profiling 4FGL J0854.8+2006
2024-05-06 22:35:02 DEBUG   lightcurve_515656801_516844801 GTAnalysis.profile_norm(): Finished
2024-05-06 22:35:02 DEBUG   lightcurve_515656801_516844801 GTAnalysis.get_src_model(): Generating source dict for 4FGL J0902.4+2051
2024-05-06 22:35:02 DEBUG   lightcurve_515656801_516844801 GTAnalysis.profile_norm(): Profiling 4FGL J0902.4+2051
2024-05-06 22:35:02 DEBUG   lightcurve_515656801_516844801 GTAnalysis.profile_norm(): Finished
2024-05-06 22:35:02 DEBUG   lightcurve_515656801_516844801 GTAnalysis.get_src_model(): Generating source dict for 4FGL J0910.6+2247
2024-05-06 22:35:02 DEBUG   lightcurve_515656801_516844801 GTAnalysis.profile_norm(): Profiling 4FGL J0910.6+2247
2024-05-06 22:35:02 DEBUG   lightcurve_515656801_516844801 GTAnalysis.profile_norm(): Finished
2024-05-06 22:35:03 DEBUG   lightcurve_515656801_516844801 GTAnalysis.fit(): Fit returned successfully. Quality:   3 Status:   0
2024-05-06 22:35:03 DEBUG   lightcurve_515656801_516844801 GTAnalysis.fit(): LogLike:    -7557.635 DeltaLogLike:        4.167 
2024-05-06 22:35:03 DEBUG   lightcurve_515656801_516844801 GTAnalysis.free_source(): Fixing parameters for 4FGL J0854.8+2006     : ['norm']
2024-05-06 22:35:03 DEBUG   lightcurve_515656801_516844801 GTAnalysis.free_source(): Fixing parameters for 4FGL J0902.4+2051     : ['norm']
2024-05-06 22:35:03 DEBUG   lightcurve_515656801_516844801 GTAnalysis.free_source(): Fixing parameters for 4FGL J0910.6+2247     : ['norm']
2024-05-06 22:35:03 DEBUG   lightcurve_515656801_516844801 GTAnalysis.optimize(): Fitting 4FGL J0858.1+1405 npred:      6.865 TS:        nan
2024-05-06 22:35:03 DEBUG   lightcurve_515656801_516844801 GTAnalysis.free_source(): Freeing parameters for 4FGL J0858.1+1405     : ['Prefactor']
2024-05-06 22:35:03 DEBUG   lightcurve_515656801_516844801 GTAnalysis.fit(): Starting fit.
2024-05-06 22:35:03 DEBUG   lightcurve_515656801_516844801 GTAnalysis.fit(): Fit complete.
2024-05-06 22:35:03 DEBUG   lightcurve_515656801_516844801 GTAnalysis.get_src_model(): Generating source dict for 4FGL J0858.1+1405
2024-05-06 22:35:03 DEBUG   lightcurve_515656801_516844801 GTAnalysis.profile_norm(): Profiling 4FGL J0858.1+1405
2024-05-06 22:35:03 DEBUG   lightcurve_515656801_516844801 GTAnalysis.profile_norm(): Finished
2024-05-06 22:35:03 DEBUG   lightcurve_515656801_516844801 GTAnalysis.fit(): Fit returned successfully. Quality:   3 Status:   0
2024-05-06 22:35:03 DEBUG   lightcurve_515656801_516844801 GTAnalysis.fit(): LogLike:    -7557.047 DeltaLogLike:        0.588 
2024-05-06 22:35:03 DEBUG   lightcurve_515656801_516844801 GTAnalysis.optimize(): Post-fit Results npred:      0.003 TS:     -0.000
2024-05-06 22:35:03 DEBUG   lightcurve_515656801_516844801 GTAnalysis.free_source(): Fixing parameters for 4FGL J0858.1+1405     : ['Prefactor']
2024-05-06 22:35:03 DEBUG   lightcurve_515656801_516844801 GTAnalysis.optimize(): Fitting 4FGL J0824.4+2440 npred:      6.379 TS:        nan
2024-05-06 22:35:03 DEBUG   lightcurve_515656801_516844801 GTAnalysis.free_source(): Freeing parameters for 4FGL J0824.4+2440     : ['Prefactor']
2024-05-06 22:35:03 DEBUG   lightcurve_515656801_516844801 GTAnalysis.fit(): Starting fit.
2024-05-06 22:35:03 DEBUG   lightcurve_515656801_516844801 GTAnalysis.fit(): Fit complete.
2024-05-06 22:35:03 DEBUG   lightcurve_515656801_516844801 GTAnalysis.get_src_model(): Generating source dict for 4FGL J0824.4+2440
2024-05-06 22:35:03 DEBUG   lightcurve_515656801_516844801 GTAnalysis.profile_norm(): Profiling 4FGL J0824.4+2440
2024-05-06 22:35:03 DEBUG   lightcurve_515656801_516844801 GTAnalysis.profile_norm(): Finished
2024-05-06 22:35:03 DEBUG   lightcurve_515656801_516844801 GTAnalysis.fit(): Fit returned successfully. Quality:   3 Status:   0
2024-05-06 22:35:03 DEBUG   lightcurve_515656801_516844801 GTAnalysis.fit(): LogLike:    -7556.399 DeltaLogLike:        0.648 
2024-05-06 22:35:03 DEBUG   lightcurve_515656801_516844801 GTAnalysis.optimize(): Post-fit Results npred:      0.000 TS:     -0.000
2024-05-06 22:35:03 DEBUG   lightcurve_515656801_516844801 GTAnalysis.free_source(): Fixing parameters for 4FGL J0824.4+2440     : ['Prefactor']
2024-05-06 22:35:03 DEBUG   lightcurve_515656801_516844801 GTAnalysis.optimize(): Fitting 4FGL J0905.6+1358 npred:      5.728 TS:        nan
2024-05-06 22:35:03 DEBUG   lightcurve_515656801_516844801 GTAnalysis.free_source(): Freeing parameters for 4FGL J0905.6+1358     : ['norm']
2024-05-06 22:35:03 DEBUG   lightcurve_515656801_516844801 GTAnalysis.fit(): Starting fit.
2024-05-06 22:35:03 DEBUG   lightcurve_515656801_516844801 GTAnalysis.fit(): Fit complete.
2024-05-06 22:35:03 DEBUG   lightcurve_515656801_516844801 GTAnalysis.get_src_model(): Generating source dict for 4FGL J0905.6+1358
2024-05-06 22:35:03 DEBUG   lightcurve_515656801_516844801 GTAnalysis.profile_norm(): Profiling 4FGL J0905.6+1358
2024-05-06 22:35:03 DEBUG   lightcurve_515656801_516844801 GTAnalysis.profile_norm(): Finished
2024-05-06 22:35:03 DEBUG   lightcurve_515656801_516844801 GTAnalysis.fit(): Fit returned successfully. Quality:   3 Status:   0
2024-05-06 22:35:03 DEBUG   lightcurve_515656801_516844801 GTAnalysis.fit(): LogLike:    -7556.338 DeltaLogLike:        0.061 
2024-05-06 22:35:03 DEBUG   lightcurve_515656801_516844801 GTAnalysis.optimize(): Post-fit Results npred:      7.516 TS:      3.585
2024-05-06 22:35:03 DEBUG   lightcurve_515656801_516844801 GTAnalysis.free_source(): Fixing parameters for 4FGL J0905.6+1358     : ['norm']
2024-05-06 22:35:03 DEBUG   lightcurve_515656801_516844801 GTAnalysis.optimize(): Fitting 4FGL J0835.8+1517 npred:      4.936 TS:        nan
2024-05-06 22:35:03 DEBUG   lightcurve_515656801_516844801 GTAnalysis.free_source(): Freeing parameters for 4FGL J0835.8+1517     : ['Prefactor']
2024-05-06 22:35:03 DEBUG   lightcurve_515656801_516844801 GTAnalysis.fit(): Starting fit.
2024-05-06 22:35:03 DEBUG   lightcurve_515656801_516844801 GTAnalysis.fit(): Fit complete.
2024-05-06 22:35:03 DEBUG   lightcurve_515656801_516844801 GTAnalysis.get_src_model(): Generating source dict for 4FGL J0835.8+1517
2024-05-06 22:35:03 DEBUG   lightcurve_515656801_516844801 GTAnalysis.profile_norm(): Profiling 4FGL J0835.8+1517
2024-05-06 22:35:03 DEBUG   lightcurve_515656801_516844801 GTAnalysis.profile_norm(): Finished
2024-05-06 22:35:03 DEBUG   lightcurve_515656801_516844801 GTAnalysis.fit(): Fit returned successfully. Quality:   3 Status:   0
2024-05-06 22:35:03 DEBUG   lightcurve_515656801_516844801 GTAnalysis.fit(): LogLike:    -7556.194 DeltaLogLike:        0.144 
2024-05-06 22:35:03 DEBUG   lightcurve_515656801_516844801 GTAnalysis.optimize(): Post-fit Results npred:      1.035 TS:      0.016
2024-05-06 22:35:03 DEBUG   lightcurve_515656801_516844801 GTAnalysis.free_source(): Fixing parameters for 4FGL J0835.8+1517     : ['Prefactor']
2024-05-06 22:35:03 DEBUG   lightcurve_515656801_516844801 GTAnalysis.optimize(): Fitting 4FGL J0921.7+2336 npred:      3.873 TS:        nan
2024-05-06 22:35:03 DEBUG   lightcurve_515656801_516844801 GTAnalysis.free_source(): Freeing parameters for 4FGL J0921.7+2336     : ['Prefactor']
2024-05-06 22:35:03 DEBUG   lightcurve_515656801_516844801 GTAnalysis.fit(): Starting fit.
2024-05-06 22:35:03 DEBUG   lightcurve_515656801_516844801 GTAnalysis.fit(): Fit complete.
2024-05-06 22:35:03 DEBUG   lightcurve_515656801_516844801 GTAnalysis.get_src_model(): Generating source dict for 4FGL J0921.7+2336
2024-05-06 22:35:03 DEBUG   lightcurve_515656801_516844801 GTAnalysis.profile_norm(): Profiling 4FGL J0921.7+2336
2024-05-06 22:35:04 DEBUG   lightcurve_515656801_516844801 GTAnalysis.profile_norm(): Finished
2024-05-06 22:35:04 DEBUG   lightcurve_515656801_516844801 GTAnalysis.fit(): Fit returned successfully. Quality:   3 Status:   0
2024-05-06 22:35:04 DEBUG   lightcurve_515656801_516844801 GTAnalysis.fit(): LogLike:    -7555.831 DeltaLogLike:        0.363 
2024-05-06 22:35:04 DEBUG   lightcurve_515656801_516844801 GTAnalysis.optimize(): Post-fit Results npred:      0.001 TS:     -0.000
2024-05-06 22:35:04 DEBUG   lightcurve_515656801_516844801 GTAnalysis.free_source(): Fixing parameters for 4FGL J0921.7+2336     : ['Prefactor']
2024-05-06 22:35:04 DEBUG   lightcurve_515656801_516844801 GTAnalysis.optimize(): Fitting 4FGL J0839.4+1803 npred:      3.731 TS:        nan
2024-05-06 22:35:04 DEBUG   lightcurve_515656801_516844801 GTAnalysis.free_source(): Freeing parameters for 4FGL J0839.4+1803     : ['Prefactor']
2024-05-06 22:35:04 DEBUG   lightcurve_515656801_516844801 GTAnalysis.fit(): Starting fit.
2024-05-06 22:35:04 DEBUG   lightcurve_515656801_516844801 GTAnalysis.fit(): Fit complete.
2024-05-06 22:35:04 DEBUG   lightcurve_515656801_516844801 GTAnalysis.get_src_model(): Generating source dict for 4FGL J0839.4+1803
2024-05-06 22:35:04 DEBUG   lightcurve_515656801_516844801 GTAnalysis.profile_norm(): Profiling 4FGL J0839.4+1803
2024-05-06 22:35:04 DEBUG   lightcurve_515656801_516844801 GTAnalysis.profile_norm(): Finished
2024-05-06 22:35:04 DEBUG   lightcurve_515656801_516844801 GTAnalysis.fit(): Fit returned successfully. Quality:   3 Status:   0
2024-05-06 22:35:04 DEBUG   lightcurve_515656801_516844801 GTAnalysis.fit(): LogLike:    -7555.535 DeltaLogLike:        0.297 
2024-05-06 22:35:04 DEBUG   lightcurve_515656801_516844801 GTAnalysis.optimize(): Post-fit Results npred:      0.609 TS:      0.032
2024-05-06 22:35:04 DEBUG   lightcurve_515656801_516844801 GTAnalysis.free_source(): Fixing parameters for 4FGL J0839.4+1803     : ['Prefactor']
2024-05-06 22:35:04 DEBUG   lightcurve_515656801_516844801 GTAnalysis.optimize(): Fitting 4FGL J0823.3+2224 npred:      3.386 TS:        nan
2024-05-06 22:35:04 DEBUG   lightcurve_515656801_516844801 GTAnalysis.free_source(): Freeing parameters for 4FGL J0823.3+2224     : ['Prefactor']
2024-05-06 22:35:04 DEBUG   lightcurve_515656801_516844801 GTAnalysis.fit(): Starting fit.
2024-05-06 22:35:04 DEBUG   lightcurve_515656801_516844801 GTAnalysis.fit(): Fit complete.
2024-05-06 22:35:04 DEBUG   lightcurve_515656801_516844801 GTAnalysis.get_src_model(): Generating source dict for 4FGL J0823.3+2224
2024-05-06 22:35:04 DEBUG   lightcurve_515656801_516844801 GTAnalysis.profile_norm(): Profiling 4FGL J0823.3+2224
2024-05-06 22:35:04 DEBUG   lightcurve_515656801_516844801 GTAnalysis.profile_norm(): Finished
2024-05-06 22:35:04 DEBUG   lightcurve_515656801_516844801 GTAnalysis.fit(): Fit returned successfully. Quality:   3 Status:   0
2024-05-06 22:35:04 DEBUG   lightcurve_515656801_516844801 GTAnalysis.fit(): LogLike:    -7554.928 DeltaLogLike:        0.606 
2024-05-06 22:35:04 DEBUG   lightcurve_515656801_516844801 GTAnalysis.optimize(): Post-fit Results npred:      0.001 TS:     -0.000
2024-05-06 22:35:04 DEBUG   lightcurve_515656801_516844801 GTAnalysis.free_source(): Fixing parameters for 4FGL J0823.3+2224     : ['Prefactor']
2024-05-06 22:35:04 DEBUG   lightcurve_515656801_516844801 GTAnalysis.optimize(): Fitting 4FGL J0837.4+2454 npred:      2.979 TS:        nan
2024-05-06 22:35:04 DEBUG   lightcurve_515656801_516844801 GTAnalysis.free_source(): Freeing parameters for 4FGL J0837.4+2454     : ['Prefactor']
2024-05-06 22:35:04 DEBUG   lightcurve_515656801_516844801 GTAnalysis.fit(): Starting fit.
2024-05-06 22:35:04 DEBUG   lightcurve_515656801_516844801 GTAnalysis.fit(): Fit complete.
2024-05-06 22:35:04 DEBUG   lightcurve_515656801_516844801 GTAnalysis.get_src_model(): Generating source dict for 4FGL J0837.4+2454
2024-05-06 22:35:04 DEBUG   lightcurve_515656801_516844801 GTAnalysis.profile_norm(): Profiling 4FGL J0837.4+2454
2024-05-06 22:35:04 DEBUG   lightcurve_515656801_516844801 GTAnalysis.profile_norm(): Finished
2024-05-06 22:35:04 DEBUG   lightcurve_515656801_516844801 GTAnalysis.fit(): Fit returned successfully. Quality:   3 Status:   0
2024-05-06 22:35:04 DEBUG   lightcurve_515656801_516844801 GTAnalysis.fit(): LogLike:    -7554.926 DeltaLogLike:        0.003 
2024-05-06 22:35:04 DEBUG   lightcurve_515656801_516844801 GTAnalysis.optimize(): Post-fit Results npred:      3.600 TS:      0.211
2024-05-06 22:35:04 DEBUG   lightcurve_515656801_516844801 GTAnalysis.free_source(): Fixing parameters for 4FGL J0837.4+2454     : ['Prefactor']
2024-05-06 22:35:04 DEBUG   lightcurve_515656801_516844801 GTAnalysis.optimize(): Fitting 4FGL J0831.5+1747 npred:      2.860 TS:        nan
2024-05-06 22:35:04 DEBUG   lightcurve_515656801_516844801 GTAnalysis.free_source(): Freeing parameters for 4FGL J0831.5+1747     : ['Prefactor']
2024-05-06 22:35:04 DEBUG   lightcurve_515656801_516844801 GTAnalysis.fit(): Starting fit.
2024-05-06 22:35:04 DEBUG   lightcurve_515656801_516844801 GTAnalysis.fit(): Fit complete.
2024-05-06 22:35:04 DEBUG   lightcurve_515656801_516844801 GTAnalysis.get_src_model(): Generating source dict for 4FGL J0831.5+1747
2024-05-06 22:35:04 DEBUG   lightcurve_515656801_516844801 GTAnalysis.profile_norm(): Profiling 4FGL J0831.5+1747
2024-05-06 22:35:04 DEBUG   lightcurve_515656801_516844801 GTAnalysis.profile_norm(): Finished
2024-05-06 22:35:04 DEBUG   lightcurve_515656801_516844801 GTAnalysis.fit(): Fit returned successfully. Quality:   3 Status:   0
2024-05-06 22:35:04 DEBUG   lightcurve_515656801_516844801 GTAnalysis.fit(): LogLike:    -7554.357 DeltaLogLike:        0.569 
2024-05-06 22:35:04 DEBUG   lightcurve_515656801_516844801 GTAnalysis.optimize(): Post-fit Results npred:      7.223 TS:      8.489
2024-05-06 22:35:04 DEBUG   lightcurve_515656801_516844801 GTAnalysis.free_source(): Fixing parameters for 4FGL J0831.5+1747     : ['Prefactor']
2024-05-06 22:35:04 DEBUG   lightcurve_515656801_516844801 GTAnalysis.optimize(): Fitting 4FGL J0849.5+2710 npred:      2.305 TS:        nan
2024-05-06 22:35:04 DEBUG   lightcurve_515656801_516844801 GTAnalysis.free_source(): Freeing parameters for 4FGL J0849.5+2710     : ['Prefactor']
2024-05-06 22:35:04 DEBUG   lightcurve_515656801_516844801 GTAnalysis.fit(): Starting fit.
2024-05-06 22:35:05 DEBUG   lightcurve_515656801_516844801 GTAnalysis.fit(): Fit complete.
2024-05-06 22:35:05 DEBUG   lightcurve_515656801_516844801 GTAnalysis.get_src_model(): Generating source dict for 4FGL J0849.5+2710
2024-05-06 22:35:05 DEBUG   lightcurve_515656801_516844801 GTAnalysis.profile_norm(): Profiling 4FGL J0849.5+2710
2024-05-06 22:35:05 DEBUG   lightcurve_515656801_516844801 GTAnalysis.profile_norm(): Finished
2024-05-06 22:35:05 DEBUG   lightcurve_515656801_516844801 GTAnalysis.fit(): Fit returned successfully. Quality:   3 Status:   0
2024-05-06 22:35:05 DEBUG   lightcurve_515656801_516844801 GTAnalysis.fit(): LogLike:    -7554.313 DeltaLogLike:        0.044 
2024-05-06 22:35:05 DEBUG   lightcurve_515656801_516844801 GTAnalysis.optimize(): Post-fit Results npred:      5.257 TS:      0.290
2024-05-06 22:35:05 DEBUG   lightcurve_515656801_516844801 GTAnalysis.free_source(): Fixing parameters for 4FGL J0849.5+2710     : ['Prefactor']
2024-05-06 22:35:05 DEBUG   lightcurve_515656801_516844801 GTAnalysis.optimize(): Fitting 4FGL J0828.0+2307 npred:      2.071 TS:        nan
2024-05-06 22:35:05 DEBUG   lightcurve_515656801_516844801 GTAnalysis.free_source(): Freeing parameters for 4FGL J0828.0+2307     : ['Prefactor']
2024-05-06 22:35:05 DEBUG   lightcurve_515656801_516844801 GTAnalysis.fit(): Starting fit.
2024-05-06 22:35:05 DEBUG   lightcurve_515656801_516844801 GTAnalysis.fit(): Fit complete.
2024-05-06 22:35:05 DEBUG   lightcurve_515656801_516844801 GTAnalysis.get_src_model(): Generating source dict for 4FGL J0828.0+2307
2024-05-06 22:35:05 DEBUG   lightcurve_515656801_516844801 GTAnalysis.profile_norm(): Profiling 4FGL J0828.0+2307
2024-05-06 22:35:05 DEBUG   lightcurve_515656801_516844801 GTAnalysis.profile_norm(): Finished
2024-05-06 22:35:05 DEBUG   lightcurve_515656801_516844801 GTAnalysis.fit(): Fit returned successfully. Quality:   3 Status:   0
2024-05-06 22:35:05 DEBUG   lightcurve_515656801_516844801 GTAnalysis.fit(): LogLike:    -7553.951 DeltaLogLike:        0.361 
2024-05-06 22:35:05 DEBUG   lightcurve_515656801_516844801 GTAnalysis.optimize(): Post-fit Results npred:      0.000 TS:     -0.000
2024-05-06 22:35:05 DEBUG   lightcurve_515656801_516844801 GTAnalysis.free_source(): Fixing parameters for 4FGL J0828.0+2307     : ['Prefactor']
2024-05-06 22:35:05 DEBUG   lightcurve_515656801_516844801 GTAnalysis.optimize(): Fitting 4FGL J0840.8+1317 npred:      1.949 TS:        nan
2024-05-06 22:35:05 DEBUG   lightcurve_515656801_516844801 GTAnalysis.free_source(): Freeing parameters for 4FGL J0840.8+1317     : ['norm']
2024-05-06 22:35:05 DEBUG   lightcurve_515656801_516844801 GTAnalysis.fit(): Starting fit.
2024-05-06 22:35:05 DEBUG   lightcurve_515656801_516844801 GTAnalysis.fit(): Fit complete.
2024-05-06 22:35:05 DEBUG   lightcurve_515656801_516844801 GTAnalysis.get_src_model(): Generating source dict for 4FGL J0840.8+1317
2024-05-06 22:35:05 DEBUG   lightcurve_515656801_516844801 GTAnalysis.profile_norm(): Profiling 4FGL J0840.8+1317
2024-05-06 22:35:05 DEBUG   lightcurve_515656801_516844801 GTAnalysis.profile_norm(): Finished
2024-05-06 22:35:05 DEBUG   lightcurve_515656801_516844801 GTAnalysis.fit(): Fit returned successfully. Quality:   3 Status:   0
2024-05-06 22:35:05 DEBUG   lightcurve_515656801_516844801 GTAnalysis.fit(): LogLike:    -7553.538 DeltaLogLike:        0.413 
2024-05-06 22:35:05 DEBUG   lightcurve_515656801_516844801 GTAnalysis.optimize(): Post-fit Results npred:      0.000 TS:     -0.000
2024-05-06 22:35:05 DEBUG   lightcurve_515656801_516844801 GTAnalysis.free_source(): Fixing parameters for 4FGL J0840.8+1317     : ['norm']
2024-05-06 22:35:05 DEBUG   lightcurve_515656801_516844801 GTAnalysis.optimize(): Fitting 4FGL J0856.8+2056 npred:      1.742 TS:        nan
2024-05-06 22:35:05 DEBUG   lightcurve_515656801_516844801 GTAnalysis.free_source(): Freeing parameters for 4FGL J0856.8+2056     : ['Prefactor']
2024-05-06 22:35:05 DEBUG   lightcurve_515656801_516844801 GTAnalysis.fit(): Starting fit.
2024-05-06 22:35:05 DEBUG   lightcurve_515656801_516844801 GTAnalysis.fit(): Fit complete.
2024-05-06 22:35:05 DEBUG   lightcurve_515656801_516844801 GTAnalysis.get_src_model(): Generating source dict for 4FGL J0856.8+2056
2024-05-06 22:35:05 DEBUG   lightcurve_515656801_516844801 GTAnalysis.profile_norm(): Profiling 4FGL J0856.8+2056
2024-05-06 22:35:05 DEBUG   lightcurve_515656801_516844801 GTAnalysis.profile_norm(): Finished
2024-05-06 22:35:05 DEBUG   lightcurve_515656801_516844801 GTAnalysis.fit(): Fit returned successfully. Quality:   3 Status:   0
2024-05-06 22:35:05 DEBUG   lightcurve_515656801_516844801 GTAnalysis.fit(): LogLike:    -7553.246 DeltaLogLike:        0.292 
2024-05-06 22:35:05 DEBUG   lightcurve_515656801_516844801 GTAnalysis.optimize(): Post-fit Results npred:      6.037 TS:      1.387
2024-05-06 22:35:05 DEBUG   lightcurve_515656801_516844801 GTAnalysis.free_source(): Fixing parameters for 4FGL J0856.8+2056     : ['Prefactor']
2024-05-06 22:35:05 DEBUG   lightcurve_515656801_516844801 GTAnalysis.optimize(): Fitting 4FGL J0831.4+2631 npred:      1.540 TS:        nan
2024-05-06 22:35:05 DEBUG   lightcurve_515656801_516844801 GTAnalysis.free_source(): Freeing parameters for 4FGL J0831.4+2631     : ['Prefactor']
2024-05-06 22:35:05 DEBUG   lightcurve_515656801_516844801 GTAnalysis.fit(): Starting fit.
2024-05-06 22:35:05 DEBUG   lightcurve_515656801_516844801 GTAnalysis.fit(): Fit complete.
2024-05-06 22:35:05 DEBUG   lightcurve_515656801_516844801 GTAnalysis.get_src_model(): Generating source dict for 4FGL J0831.4+2631
2024-05-06 22:35:05 DEBUG   lightcurve_515656801_516844801 GTAnalysis.profile_norm(): Profiling 4FGL J0831.4+2631
2024-05-06 22:35:05 DEBUG   lightcurve_515656801_516844801 GTAnalysis.profile_norm(): Finished
2024-05-06 22:35:05 DEBUG   lightcurve_515656801_516844801 GTAnalysis.fit(): Fit returned successfully. Quality:   3 Status:   0
2024-05-06 22:35:05 DEBUG   lightcurve_515656801_516844801 GTAnalysis.fit(): LogLike:    -7552.938 DeltaLogLike:        0.309 
2024-05-06 22:35:05 DEBUG   lightcurve_515656801_516844801 GTAnalysis.optimize(): Post-fit Results npred:      0.000 TS:     -0.000
2024-05-06 22:35:05 DEBUG   lightcurve_515656801_516844801 GTAnalysis.free_source(): Fixing parameters for 4FGL J0831.4+2631     : ['Prefactor']
2024-05-06 22:35:05 DEBUG   lightcurve_515656801_516844801 GTAnalysis.optimize(): Fitting 4FGL J0904.0+2724 npred:      1.468 TS:        nan
2024-05-06 22:35:05 DEBUG   lightcurve_515656801_516844801 GTAnalysis.free_source(): Freeing parameters for 4FGL J0904.0+2724     : ['norm']
2024-05-06 22:35:05 DEBUG   lightcurve_515656801_516844801 GTAnalysis.fit(): Starting fit.
2024-05-06 22:35:06 DEBUG   lightcurve_515656801_516844801 GTAnalysis.fit(): Fit complete.
2024-05-06 22:35:06 DEBUG   lightcurve_515656801_516844801 GTAnalysis.get_src_model(): Generating source dict for 4FGL J0904.0+2724
2024-05-06 22:35:06 DEBUG   lightcurve_515656801_516844801 GTAnalysis.profile_norm(): Profiling 4FGL J0904.0+2724
2024-05-06 22:35:06 DEBUG   lightcurve_515656801_516844801 GTAnalysis.profile_norm(): Finished
2024-05-06 22:35:06 DEBUG   lightcurve_515656801_516844801 GTAnalysis.fit(): Fit returned successfully. Quality:   3 Status:   0
2024-05-06 22:35:06 DEBUG   lightcurve_515656801_516844801 GTAnalysis.fit(): LogLike:    -7552.847 DeltaLogLike:        0.091 
2024-05-06 22:35:06 DEBUG   lightcurve_515656801_516844801 GTAnalysis.optimize(): Post-fit Results npred:      0.002 TS:     -0.000
2024-05-06 22:35:06 DEBUG   lightcurve_515656801_516844801 GTAnalysis.free_source(): Fixing parameters for 4FGL J0904.0+2724     : ['norm']
2024-05-06 22:35:06 DEBUG   lightcurve_515656801_516844801 GTAnalysis.optimize(): Fitting 4FGL J0924.0+2816 npred:      1.347 TS:        nan
2024-05-06 22:35:06 DEBUG   lightcurve_515656801_516844801 GTAnalysis.free_source(): Freeing parameters for 4FGL J0924.0+2816     : ['Prefactor']
2024-05-06 22:35:06 DEBUG   lightcurve_515656801_516844801 GTAnalysis.fit(): Starting fit.
2024-05-06 22:35:06 DEBUG   lightcurve_515656801_516844801 GTAnalysis.fit(): Fit complete.
2024-05-06 22:35:06 DEBUG   lightcurve_515656801_516844801 GTAnalysis.get_src_model(): Generating source dict for 4FGL J0924.0+2816
2024-05-06 22:35:06 DEBUG   lightcurve_515656801_516844801 GTAnalysis.profile_norm(): Profiling 4FGL J0924.0+2816
2024-05-06 22:35:06 DEBUG   lightcurve_515656801_516844801 GTAnalysis.profile_norm(): Finished
2024-05-06 22:35:06 DEBUG   lightcurve_515656801_516844801 GTAnalysis.fit(): Fit returned successfully. Quality:   3 Status:   0
2024-05-06 22:35:06 DEBUG   lightcurve_515656801_516844801 GTAnalysis.fit(): LogLike:    -7552.829 DeltaLogLike:        0.018 
2024-05-06 22:35:06 DEBUG   lightcurve_515656801_516844801 GTAnalysis.optimize(): Post-fit Results npred:      0.007 TS:     -0.000
2024-05-06 22:35:06 DEBUG   lightcurve_515656801_516844801 GTAnalysis.free_source(): Fixing parameters for 4FGL J0924.0+2816     : ['Prefactor']
2024-05-06 22:35:06 DEBUG   lightcurve_515656801_516844801 GTAnalysis.optimize(): Fitting 4FGL J0852.2+2834 npred:      1.112 TS:        nan
2024-05-06 22:35:06 DEBUG   lightcurve_515656801_516844801 GTAnalysis.free_source(): Freeing parameters for 4FGL J0852.2+2834     : ['Prefactor']
2024-05-06 22:35:06 DEBUG   lightcurve_515656801_516844801 GTAnalysis.fit(): Starting fit.
2024-05-06 22:35:06 DEBUG   lightcurve_515656801_516844801 GTAnalysis.fit(): Fit complete.
2024-05-06 22:35:06 DEBUG   lightcurve_515656801_516844801 GTAnalysis.get_src_model(): Generating source dict for 4FGL J0852.2+2834
2024-05-06 22:35:06 DEBUG   lightcurve_515656801_516844801 GTAnalysis.profile_norm(): Profiling 4FGL J0852.2+2834
2024-05-06 22:35:06 DEBUG   lightcurve_515656801_516844801 GTAnalysis.profile_norm(): Finished
2024-05-06 22:35:06 DEBUG   lightcurve_515656801_516844801 GTAnalysis.fit(): Fit returned successfully. Quality:   3 Status:   0
2024-05-06 22:35:06 DEBUG   lightcurve_515656801_516844801 GTAnalysis.fit(): LogLike:    -7552.801 DeltaLogLike:        0.028 
2024-05-06 22:35:06 DEBUG   lightcurve_515656801_516844801 GTAnalysis.optimize(): Post-fit Results npred:      0.000 TS:     -0.000
2024-05-06 22:35:06 DEBUG   lightcurve_515656801_516844801 GTAnalysis.free_source(): Fixing parameters for 4FGL J0852.2+2834     : ['Prefactor']
2024-05-06 22:35:06 DEBUG   lightcurve_515656801_516844801 GTAnalysis.optimize(): Skipping 4FGL J0927.2+2454 with npred      0.972
2024-05-06 22:35:06 DEBUG   lightcurve_515656801_516844801 GTAnalysis.optimize(): Skipping 4FGL J0830.8+2410 with npred      0.966
2024-05-06 22:35:06 DEBUG   lightcurve_515656801_516844801 GTAnalysis.optimize(): Skipping 4FGL J0820.9+2353 with npred      0.936
2024-05-06 22:35:06 DEBUG   lightcurve_515656801_516844801 GTAnalysis.optimize(): Skipping 4FGL J0915.9+2933 with npred      0.708
2024-05-06 22:35:06 DEBUG   lightcurve_515656801_516844801 GTAnalysis.optimize(): Skipping 4FGL J0832.2+2753 with npred      0.648
2024-05-06 22:35:06 DEBUG   lightcurve_515656801_516844801 GTAnalysis.optimize(): Skipping 4FGL J0903.5+2847 with npred      0.547
2024-05-06 22:35:06 DEBUG   lightcurve_515656801_516844801 GTAnalysis.optimize(): Skipping 4FGL J0837.3+1458 with npred      0.540
2024-05-06 22:35:06 DEBUG   lightcurve_515656801_516844801 GTAnalysis.optimize(): Skipping 4FGL J0847.2+1134 with npred      0.289
2024-05-06 22:35:06 DEBUG   lightcurve_515656801_516844801 GTAnalysis.optimize(): Skipping 4FGL J0941.9+2724 with npred      0.283
2024-05-06 22:35:06 DEBUG   lightcurve_515656801_516844801 GTAnalysis.optimize(): Skipping 4FGL J0829.0+1755 with npred      0.268
2024-05-06 22:35:06 DEBUG   lightcurve_515656801_516844801 GTAnalysis.optimize(): Skipping 4FGL J0912.5+1556 with npred      0.254
2024-05-06 22:35:06 DEBUG   lightcurve_515656801_516844801 GTAnalysis.optimize(): Skipping 4FGL J0818.4+2816 with npred      0.248
2024-05-06 22:35:06 DEBUG   lightcurve_515656801_516844801 GTAnalysis.optimize(): Skipping 4FGL J0936.5+1847 with npred      0.222
2024-05-06 22:35:06 DEBUG   lightcurve_515656801_516844801 GTAnalysis.optimize(): Skipping 4FGL J0908.9+2311 with npred      0.218
2024-05-06 22:35:06 DEBUG   lightcurve_515656801_516844801 GTAnalysis.optimize(): Skipping 4FGL J0819.0+2746 with npred      0.146
2024-05-06 22:35:06 DEBUG   lightcurve_515656801_516844801 GTAnalysis.optimize(): Skipping 4FGL J0835.7+0936 with npred      0.124
2024-05-06 22:35:06 DEBUG   lightcurve_515656801_516844801 GTAnalysis.optimize(): Skipping 4FGL J0821.1+1007 with npred      0.121
2024-05-06 22:35:06 DEBUG   lightcurve_515656801_516844801 GTAnalysis.optimize(): Skipping 4FGL J0844.5+3035 with npred      0.120
2024-05-06 22:35:06 DEBUG   lightcurve_515656801_516844801 GTAnalysis.optimize(): Skipping 4FGL J0816.9+2050 with npred      0.111
2024-05-06 22:35:06 DEBUG   lightcurve_515656801_516844801 GTAnalysis.optimize(): Skipping 4FGL J0925.7+3126 with npred      0.105
2024-05-06 22:35:06 DEBUG   lightcurve_515656801_516844801 GTAnalysis.optimize(): Skipping 4FGL J0812.3+1143 with npred      0.104
2024-05-06 22:35:06 DEBUG   lightcurve_515656801_516844801 GTAnalysis.optimize(): Skipping 4FGL J0758.9+2703 with npred      0.086
2024-05-06 22:35:06 DEBUG   lightcurve_515656801_516844801 GTAnalysis.optimize(): Skipping 4FGL J0829.4+0857 with npred      0.083
2024-05-06 22:35:06 DEBUG   lightcurve_515656801_516844801 GTAnalysis.optimize(): Skipping 4FGL J0812.6+2821 with npred      0.077
2024-05-06 22:35:06 DEBUG   lightcurve_515656801_516844801 GTAnalysis.optimize(): Skipping 4FGL J0935.3+0901 with npred      0.072
2024-05-06 22:35:06 DEBUG   lightcurve_515656801_516844801 GTAnalysis.optimize(): Skipping 4FGL J0817.1+1955 with npred      0.065
2024-05-06 22:35:06 DEBUG   lightcurve_515656801_516844801 GTAnalysis.optimize(): Skipping 4FGL J0815.9+2951 with npred      0.065
2024-05-06 22:35:06 DEBUG   lightcurve_515656801_516844801 GTAnalysis.optimize(): Skipping 4FGL J0909.7+3104 with npred      0.051
2024-05-06 22:35:06 DEBUG   lightcurve_515656801_516844801 GTAnalysis.optimize(): Skipping 4FGL J0932.7+1041 with npred      0.049
2024-05-06 22:35:06 DEBUG   lightcurve_515656801_516844801 GTAnalysis.optimize(): Skipping 4FGL J0814.4+2941 with npred      0.044
2024-05-06 22:35:06 DEBUG   lightcurve_515656801_516844801 GTAnalysis.optimize(): Skipping 4FGL J0803.5+2046 with npred      0.035
2024-05-06 22:35:06 DEBUG   lightcurve_515656801_516844801 GTAnalysis.optimize(): Skipping 4FGL J0854.0+2753 with npred      0.029
2024-05-06 22:35:06 DEBUG   lightcurve_515656801_516844801 GTAnalysis.optimize(): Skipping 4FGL J0818.7+3153 with npred      0.029
2024-05-06 22:35:06 DEBUG   lightcurve_515656801_516844801 GTAnalysis.optimize(): Skipping 4FGL J0803.0+2439 with npred      0.027
2024-05-06 22:35:06 DEBUG   lightcurve_515656801_516844801 GTAnalysis.optimize(): Skipping 4FGL J0942.3+2842 with npred      0.024
2024-05-06 22:35:06 DEBUG   lightcurve_515656801_516844801 GTAnalysis.optimize(): Skipping 4FGL J0809.3+3121 with npred      0.021
2024-05-06 22:35:06 DEBUG   lightcurve_515656801_516844801 GTAnalysis.optimize(): Skipping 4FGL J0947.6+2215 with npred      0.013
2024-05-06 22:35:06 DEBUG   lightcurve_515656801_516844801 GTAnalysis.optimize(): Skipping 4FGL J0935.5+1152 with npred      0.006
2024-05-06 22:35:06 DEBUG   lightcurve_515656801_516844801 GTAnalysis.optimize(): Skipping 4FGL J0912.2+2800 with npred      0.003
2024-05-06 22:35:06 DEBUG   lightcurve_515656801_516844801 GTAnalysis.optimize(): Skipping 4FGL J0907.1+0856 with npred      0.000
2024-05-06 22:35:06 DEBUG   lightcurve_515656801_516844801 GTAnalysis.optimize(): Skipping 4FGL J0836.2+2141 with npred      0.000
2024-05-06 22:35:06 DEBUG   lightcurve_515656801_516844801 GTAnalysis.optimize(): Fitting shape 4FGL J0902.4+2051 TS:     33.683
2024-05-06 22:35:06 DEBUG   lightcurve_515656801_516844801 GTAnalysis.free_source(): Freeing parameters for 4FGL J0902.4+2051     : ['norm', 'alpha', 'beta']
2024-05-06 22:35:06 DEBUG   lightcurve_515656801_516844801 GTAnalysis.fit(): Starting fit.
2024-05-06 22:35:06 DEBUG   lightcurve_515656801_516844801 GTAnalysis.fit(): Fit complete.
2024-05-06 22:35:06 DEBUG   lightcurve_515656801_516844801 GTAnalysis.get_src_model(): Generating source dict for 4FGL J0902.4+2051
2024-05-06 22:35:06 DEBUG   lightcurve_515656801_516844801 GTAnalysis.profile_norm(): Profiling 4FGL J0902.4+2051
2024-05-06 22:35:06 DEBUG   lightcurve_515656801_516844801 GTAnalysis.free_source(): Fixing parameters for 4FGL J0902.4+2051     : ['alpha', 'beta']
2024-05-06 22:35:06 DEBUG   lightcurve_515656801_516844801 GTAnalysis.profile_norm(): Finished
2024-05-06 22:35:06 DEBUG   lightcurve_515656801_516844801 GTAnalysis.fit(): Fit returned successfully. Quality:   3 Status:   0
2024-05-06 22:35:06 DEBUG   lightcurve_515656801_516844801 GTAnalysis.fit(): LogLike:    -7552.338 DeltaLogLike:        0.463 
2024-05-06 22:35:06 DEBUG   lightcurve_515656801_516844801 GTAnalysis.free_source(): Fixing parameters for 4FGL J0902.4+2051     : ['norm', 'alpha', 'beta']
2024-05-06 22:35:06 DEBUG   lightcurve_515656801_516844801 GTAnalysis.optimize(): Fitting shape 4FGL J0854.8+2006 TS:     17.740
2024-05-06 22:35:06 DEBUG   lightcurve_515656801_516844801 GTAnalysis.free_source(): Freeing parameters for 4FGL J0854.8+2006     : ['norm', 'alpha', 'beta']
2024-05-06 22:35:06 DEBUG   lightcurve_515656801_516844801 GTAnalysis.fit(): Starting fit.
2024-05-06 22:35:07 DEBUG   lightcurve_515656801_516844801 GTAnalysis.fit(): Fit complete.
2024-05-06 22:35:07 DEBUG   lightcurve_515656801_516844801 GTAnalysis.get_src_model(): Generating source dict for 4FGL J0854.8+2006
2024-05-06 22:35:07 DEBUG   lightcurve_515656801_516844801 GTAnalysis.profile_norm(): Profiling 4FGL J0854.8+2006
2024-05-06 22:35:07 DEBUG   lightcurve_515656801_516844801 GTAnalysis.free_source(): Fixing parameters for 4FGL J0854.8+2006     : ['alpha', 'beta']
2024-05-06 22:35:07 DEBUG   lightcurve_515656801_516844801 GTAnalysis.profile_norm(): Finished
2024-05-06 22:35:07 DEBUG   lightcurve_515656801_516844801 GTAnalysis.fit(): Fit returned successfully. Quality:   3 Status:   0
2024-05-06 22:35:07 DEBUG   lightcurve_515656801_516844801 GTAnalysis.fit(): LogLike:    -7550.464 DeltaLogLike:        1.875 
2024-05-06 22:35:07 DEBUG   lightcurve_515656801_516844801 GTAnalysis.free_source(): Fixing parameters for 4FGL J0854.8+2006     : ['norm', 'alpha', 'beta']
2024-05-06 22:35:07 DEBUG   lightcurve_515656801_516844801 GTAnalysis.optimize(): Finished
2024-05-06 22:35:07 DEBUG   lightcurve_515656801_516844801 GTAnalysis.optimize(): LogLike: -7550.463617 Delta-LogLike: 11.337567
2024-05-06 22:35:07 DEBUG   lightcurve_515656801_516844801 GTAnalysis.optimize(): Execution time: 4.57 s
2024-05-06 22:35:07 DEBUG   lightcurve_515656801_516844801 GTAnalysis.free_source(): Fixing parameters for 4FGL J0854.8+2006     : ['norm', 'alpha', 'beta']
2024-05-06 22:35:07 DEBUG   lightcurve_515656801_516844801 GTAnalysis.free_source(): Freeing parameters for 4FGL J0854.8+2006     : ['norm']
2024-05-06 22:35:07 DEBUG   lightcurve_515656801_516844801 GTAnalysis.free_source(): Freeing parameters for 4FGL J0856.8+2056     : ['Prefactor']
2024-05-06 22:35:07 DEBUG   lightcurve_515656801_516844801 GTAnalysis.free_source(): Freeing parameters for 4FGL J0902.4+2051     : ['norm']
2024-05-06 22:35:07 DEBUG   lightcurve_515656801_516844801 GTAnalysis.free_source(): Freeing parameters for 4FGL J0839.4+1803     : ['Prefactor']
2024-05-06 22:35:07 DEBUG   lightcurve_515656801_516844801 GTAnalysis.free_source(): Freeing parameters for 4FGL J0908.9+2311     : ['norm']
2024-05-06 22:35:07 DEBUG   lightcurve_515656801_516844801 GTAnalysis.free_source(): Freeing parameters for 4FGL J0910.6+2247     : ['norm']
2024-05-06 22:35:07 DEBUG   lightcurve_515656801_516844801 GTAnalysis.free_source(): Freeing parameters for 4FGL J0836.2+2141     : ['Prefactor']
2024-05-06 22:35:07 DEBUG   lightcurve_515656801_516844801 GTAnalysis.free_source(): Freeing parameters for 4FGL J0912.5+1556     : ['Prefactor']
2024-05-06 22:35:07 DEBUG   lightcurve_515656801_516844801 GTAnalysis.free_source(): Freeing parameters for 4FGL J0831.5+1747     : ['Prefactor']
2024-05-06 22:35:07 DEBUG   lightcurve_515656801_516844801 GTAnalysis.free_source(): Freeing parameters for 4FGL J0858.1+1405     : ['Prefactor']
2024-05-06 22:35:07 DEBUG   lightcurve_515656801_516844801 GTAnalysis.free_source(): Freeing parameters for 4FGL J0837.4+2454     : ['Prefactor']
2024-05-06 22:35:07 DEBUG   lightcurve_515656801_516844801 GTAnalysis.free_source(): Freeing parameters for 4FGL J0829.0+1755     : ['norm']
2024-05-06 22:35:07 DEBUG   lightcurve_515656801_516844801 GTAnalysis.free_source(): Freeing parameters for 4FGL J0835.8+1517     : ['Prefactor']
2024-05-06 22:35:07 DEBUG   lightcurve_515656801_516844801 GTAnalysis.free_source(): Freeing parameters for 4FGL J0837.3+1458     : ['norm']
2024-05-06 22:35:07 DEBUG   lightcurve_515656801_516844801 GTAnalysis.free_source(): Freeing parameters for 4FGL J0905.6+1358     : ['norm']
2024-05-06 22:35:07 DEBUG   lightcurve_515656801_516844801 GTAnalysis.free_source(): Freeing parameters for 4FGL J0830.8+2410     : ['norm']
2024-05-06 22:35:07 DEBUG   lightcurve_515656801_516844801 GTAnalysis.free_source(): Freeing parameters for 4FGL J0828.0+2307     : ['Prefactor']
2024-05-06 22:35:07 DEBUG   lightcurve_515656801_516844801 GTAnalysis.free_source(): Freeing parameters for 4FGL J0921.7+2336     : ['Prefactor']
2024-05-06 22:35:07 DEBUG   lightcurve_515656801_516844801 GTAnalysis.free_source(): Freeing parameters for 4FGL J0849.5+2710     : ['Prefactor']
2024-05-06 22:35:07 DEBUG   lightcurve_515656801_516844801 GTAnalysis.fit(): Starting fit.
2024-05-06 22:35:07 DEBUG   lightcurve_515656801_516844801 GTAnalysis.fit(): Fit complete.
2024-05-06 22:35:08 DEBUG   lightcurve_515656801_516844801 GTAnalysis.get_src_model(): Generating source dict for 4FGL J0828.0+2307
2024-05-06 22:35:08 DEBUG   lightcurve_515656801_516844801 GTAnalysis.profile_norm(): Profiling 4FGL J0828.0+2307
2024-05-06 22:35:08 DEBUG   lightcurve_515656801_516844801 GTAnalysis.profile_norm(): Finished
2024-05-06 22:35:08 DEBUG   lightcurve_515656801_516844801 GTAnalysis.get_src_model(): Generating source dict for 4FGL J0829.0+1755
2024-05-06 22:35:08 DEBUG   lightcurve_515656801_516844801 GTAnalysis.profile_norm(): Profiling 4FGL J0829.0+1755
2024-05-06 22:35:08 DEBUG   lightcurve_515656801_516844801 GTAnalysis.profile_norm(): Finished
2024-05-06 22:35:08 DEBUG   lightcurve_515656801_516844801 GTAnalysis.get_src_model(): Generating source dict for 4FGL J0830.8+2410
2024-05-06 22:35:08 DEBUG   lightcurve_515656801_516844801 GTAnalysis.profile_norm(): Profiling 4FGL J0830.8+2410
2024-05-06 22:35:08 DEBUG   lightcurve_515656801_516844801 GTAnalysis.profile_norm(): Finished
2024-05-06 22:35:08 DEBUG   lightcurve_515656801_516844801 GTAnalysis.get_src_model(): Generating source dict for 4FGL J0831.5+1747
2024-05-06 22:35:08 DEBUG   lightcurve_515656801_516844801 GTAnalysis.profile_norm(): Profiling 4FGL J0831.5+1747
2024-05-06 22:35:08 DEBUG   lightcurve_515656801_516844801 GTAnalysis.profile_norm(): Finished
2024-05-06 22:35:08 DEBUG   lightcurve_515656801_516844801 GTAnalysis.get_src_model(): Generating source dict for 4FGL J0835.8+1517
2024-05-06 22:35:08 DEBUG   lightcurve_515656801_516844801 GTAnalysis.profile_norm(): Profiling 4FGL J0835.8+1517
2024-05-06 22:35:08 DEBUG   lightcurve_515656801_516844801 GTAnalysis.profile_norm(): Finished
2024-05-06 22:35:08 DEBUG   lightcurve_515656801_516844801 GTAnalysis.get_src_model(): Generating source dict for 4FGL J0836.2+2141
2024-05-06 22:35:08 DEBUG   lightcurve_515656801_516844801 GTAnalysis.profile_norm(): Profiling 4FGL J0836.2+2141
2024-05-06 22:35:08 DEBUG   lightcurve_515656801_516844801 GTAnalysis.profile_norm(): Finished
2024-05-06 22:35:08 DEBUG   lightcurve_515656801_516844801 GTAnalysis.get_src_model(): Generating source dict for 4FGL J0837.3+1458
2024-05-06 22:35:08 DEBUG   lightcurve_515656801_516844801 GTAnalysis.profile_norm(): Profiling 4FGL J0837.3+1458
2024-05-06 22:35:08 DEBUG   lightcurve_515656801_516844801 GTAnalysis.profile_norm(): Finished
2024-05-06 22:35:08 DEBUG   lightcurve_515656801_516844801 GTAnalysis.get_src_model(): Generating source dict for 4FGL J0837.4+2454
2024-05-06 22:35:08 DEBUG   lightcurve_515656801_516844801 GTAnalysis.profile_norm(): Profiling 4FGL J0837.4+2454
2024-05-06 22:35:09 DEBUG   lightcurve_515656801_516844801 GTAnalysis.profile_norm(): Finished
2024-05-06 22:35:09 DEBUG   lightcurve_515656801_516844801 GTAnalysis.get_src_model(): Generating source dict for 4FGL J0839.4+1803
2024-05-06 22:35:09 DEBUG   lightcurve_515656801_516844801 GTAnalysis.profile_norm(): Profiling 4FGL J0839.4+1803
2024-05-06 22:35:09 DEBUG   lightcurve_515656801_516844801 GTAnalysis.profile_norm(): Finished
2024-05-06 22:35:09 DEBUG   lightcurve_515656801_516844801 GTAnalysis.get_src_model(): Generating source dict for 4FGL J0849.5+2710
2024-05-06 22:35:09 DEBUG   lightcurve_515656801_516844801 GTAnalysis.profile_norm(): Profiling 4FGL J0849.5+2710
2024-05-06 22:35:09 DEBUG   lightcurve_515656801_516844801 GTAnalysis.profile_norm(): Finished
2024-05-06 22:35:09 DEBUG   lightcurve_515656801_516844801 GTAnalysis.get_src_model(): Generating source dict for 4FGL J0854.8+2006
2024-05-06 22:35:09 DEBUG   lightcurve_515656801_516844801 GTAnalysis.profile_norm(): Profiling 4FGL J0854.8+2006
2024-05-06 22:35:09 DEBUG   lightcurve_515656801_516844801 GTAnalysis.profile_norm(): Finished
2024-05-06 22:35:09 DEBUG   lightcurve_515656801_516844801 GTAnalysis.get_src_model(): Generating source dict for 4FGL J0856.8+2056
2024-05-06 22:35:09 DEBUG   lightcurve_515656801_516844801 GTAnalysis.profile_norm(): Profiling 4FGL J0856.8+2056
2024-05-06 22:35:09 DEBUG   lightcurve_515656801_516844801 GTAnalysis.profile_norm(): Finished
2024-05-06 22:35:09 DEBUG   lightcurve_515656801_516844801 GTAnalysis.get_src_model(): Generating source dict for 4FGL J0858.1+1405
2024-05-06 22:35:09 DEBUG   lightcurve_515656801_516844801 GTAnalysis.profile_norm(): Profiling 4FGL J0858.1+1405
2024-05-06 22:35:09 DEBUG   lightcurve_515656801_516844801 GTAnalysis.profile_norm(): Finished
2024-05-06 22:35:09 DEBUG   lightcurve_515656801_516844801 GTAnalysis.get_src_model(): Generating source dict for 4FGL J0902.4+2051
2024-05-06 22:35:09 DEBUG   lightcurve_515656801_516844801 GTAnalysis.profile_norm(): Profiling 4FGL J0902.4+2051
2024-05-06 22:35:09 DEBUG   lightcurve_515656801_516844801 GTAnalysis.profile_norm(): Finished
2024-05-06 22:35:09 DEBUG   lightcurve_515656801_516844801 GTAnalysis.get_src_model(): Generating source dict for 4FGL J0905.6+1358
2024-05-06 22:35:09 DEBUG   lightcurve_515656801_516844801 GTAnalysis.profile_norm(): Profiling 4FGL J0905.6+1358
2024-05-06 22:35:09 DEBUG   lightcurve_515656801_516844801 GTAnalysis.profile_norm(): Finished
2024-05-06 22:35:09 DEBUG   lightcurve_515656801_516844801 GTAnalysis.get_src_model(): Generating source dict for 4FGL J0908.9+2311
2024-05-06 22:35:09 DEBUG   lightcurve_515656801_516844801 GTAnalysis.profile_norm(): Profiling 4FGL J0908.9+2311
2024-05-06 22:35:09 DEBUG   lightcurve_515656801_516844801 GTAnalysis.profile_norm(): Finished
2024-05-06 22:35:09 DEBUG   lightcurve_515656801_516844801 GTAnalysis.get_src_model(): Generating source dict for 4FGL J0910.6+2247
2024-05-06 22:35:09 DEBUG   lightcurve_515656801_516844801 GTAnalysis.profile_norm(): Profiling 4FGL J0910.6+2247
2024-05-06 22:35:10 DEBUG   lightcurve_515656801_516844801 GTAnalysis.profile_norm(): Finished
2024-05-06 22:35:10 DEBUG   lightcurve_515656801_516844801 GTAnalysis.get_src_model(): Generating source dict for 4FGL J0912.5+1556
2024-05-06 22:35:10 DEBUG   lightcurve_515656801_516844801 GTAnalysis.profile_norm(): Profiling 4FGL J0912.5+1556
2024-05-06 22:35:10 DEBUG   lightcurve_515656801_516844801 GTAnalysis.profile_norm(): Finished
2024-05-06 22:35:10 DEBUG   lightcurve_515656801_516844801 GTAnalysis.get_src_model(): Generating source dict for 4FGL J0921.7+2336
2024-05-06 22:35:10 DEBUG   lightcurve_515656801_516844801 GTAnalysis.profile_norm(): Profiling 4FGL J0921.7+2336
2024-05-06 22:35:10 DEBUG   lightcurve_515656801_516844801 GTAnalysis.profile_norm(): Finished
2024-05-06 22:35:10 DEBUG   lightcurve_515656801_516844801 GTAnalysis.fit(): Fit returned successfully. Quality:   3 Status:   0
2024-05-06 22:35:10 DEBUG   lightcurve_515656801_516844801 GTAnalysis.fit(): LogLike:    -7548.669 DeltaLogLike:        1.795 
2024-05-06 22:35:10 DEBUG   lightcurve_515656801_516844801 GTAnalysis.free_source(): Fixing parameters for 4FGL J0854.8+2006     : ['norm']
2024-05-06 22:35:10 DEBUG   lightcurve_515656801_516844801 GTAnalysis.free_source(): Fixing parameters for 4FGL J0856.8+2056     : ['Prefactor']
2024-05-06 22:35:10 DEBUG   lightcurve_515656801_516844801 GTAnalysis.free_source(): Fixing parameters for 4FGL J0902.4+2051     : ['norm']
2024-05-06 22:35:10 DEBUG   lightcurve_515656801_516844801 GTAnalysis.free_source(): Fixing parameters for 4FGL J0839.4+1803     : ['Prefactor']
2024-05-06 22:35:10 DEBUG   lightcurve_515656801_516844801 GTAnalysis.free_source(): Fixing parameters for 4FGL J0908.9+2311     : ['norm']
2024-05-06 22:35:10 DEBUG   lightcurve_515656801_516844801 GTAnalysis.free_source(): Fixing parameters for 4FGL J0910.6+2247     : ['norm']
2024-05-06 22:35:10 DEBUG   lightcurve_515656801_516844801 GTAnalysis.free_source(): Fixing parameters for 4FGL J0836.2+2141     : ['Prefactor']
2024-05-06 22:35:10 DEBUG   lightcurve_515656801_516844801 GTAnalysis.free_source(): Fixing parameters for 4FGL J0912.5+1556     : ['Prefactor']
2024-05-06 22:35:10 DEBUG   lightcurve_515656801_516844801 GTAnalysis.free_source(): Fixing parameters for 4FGL J0831.5+1747     : ['Prefactor']
2024-05-06 22:35:10 DEBUG   lightcurve_515656801_516844801 GTAnalysis.free_source(): Fixing parameters for 4FGL J0858.1+1405     : ['Prefactor']
2024-05-06 22:35:10 DEBUG   lightcurve_515656801_516844801 GTAnalysis.free_source(): Fixing parameters for 4FGL J0837.4+2454     : ['Prefactor']
2024-05-06 22:35:10 DEBUG   lightcurve_515656801_516844801 GTAnalysis.free_source(): Fixing parameters for 4FGL J0829.0+1755     : ['norm']
2024-05-06 22:35:10 DEBUG   lightcurve_515656801_516844801 GTAnalysis.free_source(): Fixing parameters for 4FGL J0835.8+1517     : ['Prefactor']
2024-05-06 22:35:10 DEBUG   lightcurve_515656801_516844801 GTAnalysis.free_source(): Fixing parameters for 4FGL J0837.3+1458     : ['norm']
2024-05-06 22:35:10 DEBUG   lightcurve_515656801_516844801 GTAnalysis.free_source(): Fixing parameters for 4FGL J0905.6+1358     : ['norm']
2024-05-06 22:35:10 DEBUG   lightcurve_515656801_516844801 GTAnalysis.free_source(): Fixing parameters for 4FGL J0830.8+2410     : ['norm']
2024-05-06 22:35:10 DEBUG   lightcurve_515656801_516844801 GTAnalysis.free_source(): Fixing parameters for 4FGL J0828.0+2307     : ['Prefactor']
2024-05-06 22:35:10 DEBUG   lightcurve_515656801_516844801 GTAnalysis.free_source(): Fixing parameters for 4FGL J0921.7+2336     : ['Prefactor']
2024-05-06 22:35:10 DEBUG   lightcurve_515656801_516844801 GTAnalysis.free_source(): Fixing parameters for 4FGL J0849.5+2710     : ['Prefactor']
2024-05-06 22:35:10 DEBUG   lightcurve_515656801_516844801 GTAnalysis._fit_lc(): Free Sources Norm: ['4FGL J0902.4+2051', '4FGL J0831.5+1747', '4FGL J0905.6+1358', '4FGL J0830.8+2410', '4FGL J0910.6+2247', '4FGL J0854.8+2006']
2024-05-06 22:35:10 DEBUG   lightcurve_515656801_516844801 GTAnalysis._fit_lc(): Free Sources Shape: ['4FGL J0902.4+2051', '4FGL J0854.8+2006']
2024-05-06 22:35:10 DEBUG   lightcurve_515656801_516844801 GTAnalysis.free_source(): Freeing parameters for 4FGL J0854.8+2006     : ['norm']
2024-05-06 22:35:10 DEBUG   lightcurve_515656801_516844801 GTAnalysis.free_source(): Freeing parameters for 4FGL J0902.4+2051     : ['norm']
2024-05-06 22:35:10 DEBUG   lightcurve_515656801_516844801 GTAnalysis.free_source(): Freeing parameters for 4FGL J0910.6+2247     : ['norm']
2024-05-06 22:35:10 DEBUG   lightcurve_515656801_516844801 GTAnalysis.free_source(): Freeing parameters for 4FGL J0831.5+1747     : ['Prefactor']
2024-05-06 22:35:10 DEBUG   lightcurve_515656801_516844801 GTAnalysis.free_source(): Freeing parameters for 4FGL J0905.6+1358     : ['norm']
2024-05-06 22:35:10 DEBUG   lightcurve_515656801_516844801 GTAnalysis.free_source(): Freeing parameters for 4FGL J0830.8+2410     : ['norm']
2024-05-06 22:35:10 DEBUG   lightcurve_515656801_516844801 GTAnalysis.free_source(): Freeing parameters for 4FGL J0854.8+2006     : ['alpha', 'beta']
2024-05-06 22:35:10 DEBUG   lightcurve_515656801_516844801 GTAnalysis.free_source(): Freeing parameters for 4FGL J0902.4+2051     : ['alpha', 'beta']
2024-05-06 22:35:10 DEBUG   lightcurve_515656801_516844801 GTAnalysis.fit(): Starting fit.
2024-05-06 22:35:10 DEBUG   lightcurve_515656801_516844801 GTAnalysis.fit(): Fit complete.
2024-05-06 22:35:10 DEBUG   lightcurve_515656801_516844801 GTAnalysis.get_src_model(): Generating source dict for 4FGL J0830.8+2410
2024-05-06 22:35:10 DEBUG   lightcurve_515656801_516844801 GTAnalysis.profile_norm(): Profiling 4FGL J0830.8+2410
2024-05-06 22:35:10 DEBUG   lightcurve_515656801_516844801 GTAnalysis.free_source(): Fixing parameters for 4FGL J0854.8+2006     : ['alpha', 'beta']
2024-05-06 22:35:10 DEBUG   lightcurve_515656801_516844801 GTAnalysis.free_source(): Fixing parameters for 4FGL J0902.4+2051     : ['alpha', 'beta']
2024-05-06 22:35:10 DEBUG   lightcurve_515656801_516844801 GTAnalysis.profile_norm(): Finished
2024-05-06 22:35:10 DEBUG   lightcurve_515656801_516844801 GTAnalysis.get_src_model(): Generating source dict for 4FGL J0831.5+1747
2024-05-06 22:35:10 DEBUG   lightcurve_515656801_516844801 GTAnalysis.profile_norm(): Profiling 4FGL J0831.5+1747
2024-05-06 22:35:10 DEBUG   lightcurve_515656801_516844801 GTAnalysis.free_source(): Fixing parameters for 4FGL J0854.8+2006     : ['alpha', 'beta']
2024-05-06 22:35:10 DEBUG   lightcurve_515656801_516844801 GTAnalysis.free_source(): Fixing parameters for 4FGL J0902.4+2051     : ['alpha', 'beta']
2024-05-06 22:35:10 DEBUG   lightcurve_515656801_516844801 GTAnalysis.profile_norm(): Finished
2024-05-06 22:35:10 DEBUG   lightcurve_515656801_516844801 GTAnalysis.get_src_model(): Generating source dict for 4FGL J0854.8+2006
2024-05-06 22:35:10 DEBUG   lightcurve_515656801_516844801 GTAnalysis.profile_norm(): Profiling 4FGL J0854.8+2006
2024-05-06 22:35:10 DEBUG   lightcurve_515656801_516844801 GTAnalysis.free_source(): Fixing parameters for 4FGL J0854.8+2006     : ['alpha', 'beta']
2024-05-06 22:35:10 DEBUG   lightcurve_515656801_516844801 GTAnalysis.free_source(): Fixing parameters for 4FGL J0902.4+2051     : ['alpha', 'beta']
2024-05-06 22:35:10 DEBUG   lightcurve_515656801_516844801 GTAnalysis.profile_norm(): Finished
2024-05-06 22:35:10 DEBUG   lightcurve_515656801_516844801 GTAnalysis.get_src_model(): Generating source dict for 4FGL J0902.4+2051
2024-05-06 22:35:10 DEBUG   lightcurve_515656801_516844801 GTAnalysis.profile_norm(): Profiling 4FGL J0902.4+2051
2024-05-06 22:35:10 DEBUG   lightcurve_515656801_516844801 GTAnalysis.free_source(): Fixing parameters for 4FGL J0854.8+2006     : ['alpha', 'beta']
2024-05-06 22:35:10 DEBUG   lightcurve_515656801_516844801 GTAnalysis.free_source(): Fixing parameters for 4FGL J0902.4+2051     : ['alpha', 'beta']
2024-05-06 22:35:11 DEBUG   lightcurve_515656801_516844801 GTAnalysis.profile_norm(): Finished
2024-05-06 22:35:11 DEBUG   lightcurve_515656801_516844801 GTAnalysis.get_src_model(): Generating source dict for 4FGL J0905.6+1358
2024-05-06 22:35:11 DEBUG   lightcurve_515656801_516844801 GTAnalysis.profile_norm(): Profiling 4FGL J0905.6+1358
2024-05-06 22:35:11 DEBUG   lightcurve_515656801_516844801 GTAnalysis.free_source(): Fixing parameters for 4FGL J0854.8+2006     : ['alpha', 'beta']
2024-05-06 22:35:11 DEBUG   lightcurve_515656801_516844801 GTAnalysis.free_source(): Fixing parameters for 4FGL J0902.4+2051     : ['alpha', 'beta']
2024-05-06 22:35:11 DEBUG   lightcurve_515656801_516844801 GTAnalysis.profile_norm(): Finished
2024-05-06 22:35:11 DEBUG   lightcurve_515656801_516844801 GTAnalysis.get_src_model(): Generating source dict for 4FGL J0910.6+2247
2024-05-06 22:35:11 DEBUG   lightcurve_515656801_516844801 GTAnalysis.profile_norm(): Profiling 4FGL J0910.6+2247
2024-05-06 22:35:11 DEBUG   lightcurve_515656801_516844801 GTAnalysis.free_source(): Fixing parameters for 4FGL J0854.8+2006     : ['alpha', 'beta']
2024-05-06 22:35:11 DEBUG   lightcurve_515656801_516844801 GTAnalysis.free_source(): Fixing parameters for 4FGL J0902.4+2051     : ['alpha', 'beta']
2024-05-06 22:35:11 DEBUG   lightcurve_515656801_516844801 GTAnalysis.profile_norm(): Finished
2024-05-06 22:35:11 DEBUG   lightcurve_515656801_516844801 GTAnalysis.fit(): Fit returned successfully. Quality:   3 Status:   0
2024-05-06 22:35:11 DEBUG   lightcurve_515656801_516844801 GTAnalysis.fit(): LogLike:    -7548.649 DeltaLogLike:        0.020 
2024-05-06 22:35:11 INFO    lightcurve_515656801_516844801 GTBinnedAnalysis.write_xml(): Writing /scratch/Project-Fermi/2311-02372-OJ287/2-20160913-20170615/Output/lightcurve_515656801_516844801/fit_model_final_00.xml...
2024-05-06 22:35:11 DEBUG   lightcurve_515656801_516844801 GTAnalysis.get_src_model(): Generating source dict for 4FGL J0854.8+2006
2024-05-06 22:35:11 DEBUG   lightcurve_515656801_516844801 GTAnalysis.profile_norm(): Profiling 4FGL J0854.8+2006
2024-05-06 22:35:11 DEBUG   lightcurve_515656801_516844801 GTAnalysis.free_source(): Fixing parameters for 4FGL J0854.8+2006     : ['alpha', 'beta']
2024-05-06 22:35:11 DEBUG   lightcurve_515656801_516844801 GTAnalysis.free_source(): Fixing parameters for 4FGL J0902.4+2051     : ['alpha', 'beta']
2024-05-06 22:35:11 DEBUG   lightcurve_515656801_516844801 GTAnalysis.profile_norm(): Finished
2024-05-06 22:35:11 DEBUG   lightcurve_515656801_516844801 GTAnalysis.get_src_model(): Generating source dict for 4FGL J0854.8+2006
2024-05-06 22:35:11 DEBUG   lightcurve_515656801_516844801 GTAnalysis.profile_norm(): Profiling 4FGL J0854.8+2006
2024-05-06 22:35:11 DEBUG   lightcurve_515656801_516844801 GTAnalysis.free_source(): Fixing parameters for 4FGL J0854.8+2006     : ['alpha', 'beta']
2024-05-06 22:35:11 DEBUG   lightcurve_515656801_516844801 GTAnalysis.free_source(): Fixing parameters for 4FGL J0902.4+2051     : ['alpha', 'beta']
2024-05-06 22:35:11 DEBUG   lightcurve_515656801_516844801 GTAnalysis.profile_norm(): Finished
2024-05-06 22:35:11 DEBUG   lightcurve_515656801_516844801 GTAnalysis.get_src_model(): Generating source dict for 4FGL J0854.8+2006
2024-05-06 22:35:11 DEBUG   lightcurve_515656801_516844801 GTAnalysis.profile_norm(): Profiling 4FGL J0854.8+2006
2024-05-06 22:35:11 DEBUG   lightcurve_515656801_516844801 GTAnalysis.free_source(): Fixing parameters for 4FGL J0854.8+2006     : ['alpha', 'beta']
2024-05-06 22:35:11 DEBUG   lightcurve_515656801_516844801 GTAnalysis.free_source(): Fixing parameters for 4FGL J0902.4+2051     : ['alpha', 'beta']
2024-05-06 22:35:11 DEBUG   lightcurve_515656801_516844801 GTAnalysis.profile_norm(): Finished
2024-05-06 22:35:11 DEBUG   lightcurve_515656801_516844801 GTAnalysis.free_source(): Fixing parameters for 4FGL J0854.8+2006     : ['norm', 'alpha', 'beta']
2024-05-06 22:35:11 DEBUG   lightcurve_515656801_516844801 GTAnalysis.fit(): Starting fit.
2024-05-06 22:35:11 DEBUG   lightcurve_515656801_516844801 GTAnalysis.fit(): Fit complete.
2024-05-06 22:35:11 DEBUG   lightcurve_515656801_516844801 GTAnalysis.get_src_model(): Generating source dict for 4FGL J0830.8+2410
2024-05-06 22:35:11 DEBUG   lightcurve_515656801_516844801 GTAnalysis.profile_norm(): Profiling 4FGL J0830.8+2410
2024-05-06 22:35:11 DEBUG   lightcurve_515656801_516844801 GTAnalysis.free_source(): Fixing parameters for 4FGL J0902.4+2051     : ['alpha', 'beta']
2024-05-06 22:35:11 DEBUG   lightcurve_515656801_516844801 GTAnalysis.profile_norm(): Finished
2024-05-06 22:35:11 DEBUG   lightcurve_515656801_516844801 GTAnalysis.get_src_model(): Generating source dict for 4FGL J0831.5+1747
2024-05-06 22:35:11 DEBUG   lightcurve_515656801_516844801 GTAnalysis.profile_norm(): Profiling 4FGL J0831.5+1747
2024-05-06 22:35:11 DEBUG   lightcurve_515656801_516844801 GTAnalysis.free_source(): Fixing parameters for 4FGL J0902.4+2051     : ['alpha', 'beta']
2024-05-06 22:35:11 DEBUG   lightcurve_515656801_516844801 GTAnalysis.profile_norm(): Finished
2024-05-06 22:35:11 DEBUG   lightcurve_515656801_516844801 GTAnalysis.get_src_model(): Generating source dict for 4FGL J0902.4+2051
2024-05-06 22:35:11 DEBUG   lightcurve_515656801_516844801 GTAnalysis.profile_norm(): Profiling 4FGL J0902.4+2051
2024-05-06 22:35:11 DEBUG   lightcurve_515656801_516844801 GTAnalysis.free_source(): Fixing parameters for 4FGL J0902.4+2051     : ['alpha', 'beta']
2024-05-06 22:35:11 DEBUG   lightcurve_515656801_516844801 GTAnalysis.profile_norm(): Finished
2024-05-06 22:35:11 DEBUG   lightcurve_515656801_516844801 GTAnalysis.get_src_model(): Generating source dict for 4FGL J0905.6+1358
2024-05-06 22:35:11 DEBUG   lightcurve_515656801_516844801 GTAnalysis.profile_norm(): Profiling 4FGL J0905.6+1358
2024-05-06 22:35:11 DEBUG   lightcurve_515656801_516844801 GTAnalysis.free_source(): Fixing parameters for 4FGL J0902.4+2051     : ['alpha', 'beta']
2024-05-06 22:35:12 DEBUG   lightcurve_515656801_516844801 GTAnalysis.profile_norm(): Finished
2024-05-06 22:35:12 DEBUG   lightcurve_515656801_516844801 GTAnalysis.get_src_model(): Generating source dict for 4FGL J0910.6+2247
2024-05-06 22:35:12 DEBUG   lightcurve_515656801_516844801 GTAnalysis.profile_norm(): Profiling 4FGL J0910.6+2247
2024-05-06 22:35:12 DEBUG   lightcurve_515656801_516844801 GTAnalysis.free_source(): Fixing parameters for 4FGL J0902.4+2051     : ['alpha', 'beta']
2024-05-06 22:35:12 DEBUG   lightcurve_515656801_516844801 GTAnalysis.profile_norm(): Finished
2024-05-06 22:35:12 DEBUG   lightcurve_515656801_516844801 GTAnalysis.fit(): Fit returned successfully. Quality:   3 Status:   0
2024-05-06 22:35:12 DEBUG   lightcurve_515656801_516844801 GTAnalysis.fit(): LogLike:    -7553.956 DeltaLogLike:        0.626 
2024-05-06 22:35:12 DEBUG   lightcurve_515656801_516844801 GTAnalysis.get_src_model(): Generating source dict for 4FGL J0854.8+2006
2024-05-06 22:35:12 DEBUG   lightcurve_515656801_516844801 GTAnalysis.free_source(): Freeing parameters for 4FGL J0854.8+2006     : ['norm']
2024-05-06 22:35:12 DEBUG   lightcurve_515656801_516844801 GTAnalysis.fit(): Starting fit.
2024-05-06 22:35:12 DEBUG   lightcurve_515656801_516844801 GTAnalysis.fit(): Fit complete.
2024-05-06 22:35:12 DEBUG   lightcurve_515656801_516844801 GTAnalysis.get_src_model(): Generating source dict for 4FGL J0830.8+2410
2024-05-06 22:35:12 DEBUG   lightcurve_515656801_516844801 GTAnalysis.profile_norm(): Profiling 4FGL J0830.8+2410
2024-05-06 22:35:12 DEBUG   lightcurve_515656801_516844801 GTAnalysis.free_source(): Fixing parameters for 4FGL J0902.4+2051     : ['alpha', 'beta']
2024-05-06 22:35:12 DEBUG   lightcurve_515656801_516844801 GTAnalysis.profile_norm(): Finished
2024-05-06 22:35:12 DEBUG   lightcurve_515656801_516844801 GTAnalysis.get_src_model(): Generating source dict for 4FGL J0831.5+1747
2024-05-06 22:35:12 DEBUG   lightcurve_515656801_516844801 GTAnalysis.profile_norm(): Profiling 4FGL J0831.5+1747
2024-05-06 22:35:12 DEBUG   lightcurve_515656801_516844801 GTAnalysis.free_source(): Fixing parameters for 4FGL J0902.4+2051     : ['alpha', 'beta']
2024-05-06 22:35:12 DEBUG   lightcurve_515656801_516844801 GTAnalysis.profile_norm(): Finished
2024-05-06 22:35:12 DEBUG   lightcurve_515656801_516844801 GTAnalysis.get_src_model(): Generating source dict for 4FGL J0854.8+2006
2024-05-06 22:35:12 DEBUG   lightcurve_515656801_516844801 GTAnalysis.profile_norm(): Profiling 4FGL J0854.8+2006
2024-05-06 22:35:12 DEBUG   lightcurve_515656801_516844801 GTAnalysis.free_source(): Fixing parameters for 4FGL J0902.4+2051     : ['alpha', 'beta']
2024-05-06 22:35:12 DEBUG   lightcurve_515656801_516844801 GTAnalysis.profile_norm(): Finished
2024-05-06 22:35:12 DEBUG   lightcurve_515656801_516844801 GTAnalysis.get_src_model(): Generating source dict for 4FGL J0902.4+2051
2024-05-06 22:35:12 DEBUG   lightcurve_515656801_516844801 GTAnalysis.profile_norm(): Profiling 4FGL J0902.4+2051
2024-05-06 22:35:12 DEBUG   lightcurve_515656801_516844801 GTAnalysis.free_source(): Fixing parameters for 4FGL J0902.4+2051     : ['alpha', 'beta']
2024-05-06 22:35:12 DEBUG   lightcurve_515656801_516844801 GTAnalysis.profile_norm(): Finished
2024-05-06 22:35:12 DEBUG   lightcurve_515656801_516844801 GTAnalysis.get_src_model(): Generating source dict for 4FGL J0905.6+1358
2024-05-06 22:35:12 DEBUG   lightcurve_515656801_516844801 GTAnalysis.profile_norm(): Profiling 4FGL J0905.6+1358
2024-05-06 22:35:12 DEBUG   lightcurve_515656801_516844801 GTAnalysis.free_source(): Fixing parameters for 4FGL J0902.4+2051     : ['alpha', 'beta']
2024-05-06 22:35:12 DEBUG   lightcurve_515656801_516844801 GTAnalysis.profile_norm(): Finished
2024-05-06 22:35:12 DEBUG   lightcurve_515656801_516844801 GTAnalysis.get_src_model(): Generating source dict for 4FGL J0910.6+2247
2024-05-06 22:35:12 DEBUG   lightcurve_515656801_516844801 GTAnalysis.profile_norm(): Profiling 4FGL J0910.6+2247
2024-05-06 22:35:12 DEBUG   lightcurve_515656801_516844801 GTAnalysis.free_source(): Fixing parameters for 4FGL J0902.4+2051     : ['alpha', 'beta']
2024-05-06 22:35:12 DEBUG   lightcurve_515656801_516844801 GTAnalysis.profile_norm(): Finished
2024-05-06 22:35:12 DEBUG   lightcurve_515656801_516844801 GTAnalysis.fit(): Fit returned successfully. Quality:   3 Status:   0
2024-05-06 22:35:12 DEBUG   lightcurve_515656801_516844801 GTAnalysis.fit(): LogLike:    -7550.652 DeltaLogLike:        1.165 
2024-05-06 22:35:12 DEBUG   lightcurve_515656801_516844801 GTAnalysis.get_src_model(): Generating source dict for 4FGL J0854.8+2006
2024-05-06 22:35:12 DEBUG   lightcurve_515656801_516844801 GTAnalysis.profile_norm(): Profiling 4FGL J0854.8+2006
2024-05-06 22:35:12 DEBUG   lightcurve_515656801_516844801 GTAnalysis.free_source(): Fixing parameters for 4FGL J0902.4+2051     : ['alpha', 'beta']
2024-05-06 22:35:12 DEBUG   lightcurve_515656801_516844801 GTAnalysis.profile_norm(): Finished
2024-05-06 22:35:12 INFO    lightcurve_515656801_516844801 GTAnalysis._process_lc_bin(): Finished time range 515656801 516844801
